2014-01-17 05:23:36 [CLIENT] [INFO] Setting user: Player485
2014-01-17 05:23:38 [CLIENT] [INFO] LWJGL Version: 2.9.0
2014-01-17 05:23:39 [CLIENT] [INFO] Reloading ResourceManager: Default
2014-01-17 05:23:43 [CLIENT] [INFO] Reloading ResourceManager: Default, FMLFileResourcePack:Forge Mod Loader, FMLFileResourcePack:Minecraft Forge
2014-01-17 05:23:45 [CLIENT] [INFO] Reloading ResourceManager: Default, FMLFileResourcePack:Forge Mod Loader, FMLFileResourcePack:Minecraft Forge
2014-01-17 05:23:48 [CLIENT] [SEVERE] Realms: Invalid session id
2014-01-17 05:23:51 [CLIENT] [INFO] Stopping!
2014-01-17 05:39:24 [CLIENT] [INFO] Setting user: Player65
2014-01-17 05:39:26 [CLIENT] [INFO] LWJGL Version: 2.9.0
2014-01-17 05:39:27 [CLIENT] [INFO] Reloading ResourceManager: Default
2014-01-17 05:39:31 [CLIENT] [INFO] Reloading ResourceManager: Default, FMLFileResourcePack:Forge Mod Loader, FMLFileResourcePack:Minecraft Forge, FMLFileResourcePack:pictocraft
2014-01-17 05:39:33 [CLIENT] [INFO] Reloading ResourceManager: Default, FMLFileResourcePack:Forge Mod Loader, FMLFileResourcePack:Minecraft Forge, FMLFileResourcePack:pictocraft
2014-01-17 05:39:35 [CLIENT] [SEVERE] Realms: Invalid session id
2014-01-17 05:39:46 [CLIENT] [INFO] Stopping!
2014-01-17 05:40:02 [CLIENT] [INFO] Setting user: Player724
2014-01-17 05:40:03 [CLIENT] [INFO] LWJGL Version: 2.9.0
2014-01-17 05:40:04 [CLIENT] [INFO] Reloading ResourceManager: Default
2014-01-17 05:40:08 [CLIENT] [INFO] Reloading ResourceManager: Default, FMLFileResourcePack:Forge Mod Loader, FMLFileResourcePack:Minecraft Forge, FMLFileResourcePack:Pictocraft
2014-01-17 05:40:10 [CLIENT] [INFO] Reloading ResourceManager: Default, FMLFileResourcePack:Forge Mod Loader, FMLFileResourcePack:Minecraft Forge, FMLFileResourcePack:Pictocraft
2014-01-17 05:40:12 [CLIENT] [SEVERE] Realms: Invalid session id
2014-01-17 05:40:17 [CLIENT] [INFO] Stopping!
2014-01-17 05:46:42 [CLIENT] [INFO] Setting user: Player604
2014-01-17 05:46:43 [CLIENT] [INFO] LWJGL Version: 2.9.0
2014-01-17 05:46:44 [CLIENT] [INFO] Reloading ResourceManager: Default
2014-01-17 05:46:49 [CLIENT] [INFO] Reloading ResourceManager: Default, FMLFileResourcePack:Forge Mod Loader, FMLFileResourcePack:Minecraft Forge, FMLFileResourcePack:Pictocraft
2014-01-17 05:46:51 [CLIENT] [SEVERE] Using missing texture, unable to load: minecraft:textures/items/MISSING_ICON_ITEM_5256_null.png
2014-01-17 05:46:51 [CLIENT] [INFO] Reloading ResourceManager: Default, FMLFileResourcePack:Forge Mod Loader, FMLFileResourcePack:Minecraft Forge, FMLFileResourcePack:Pictocraft
2014-01-17 05:46:51 [CLIENT] [SEVERE] Using missing texture, unable to load: minecraft:textures/items/MISSING_ICON_ITEM_5256_null.png
2014-01-17 05:46:53 [CLIENT] [SEVERE] Realms: Invalid session id
2014-01-17 05:47:37 [CLIENT] [WARNING] Memory connection overburdened; after processing 2500 packets, we still have 958 to go!
2014-01-17 05:47:38 [CLIENT] [WARNING] Memory connection overburdened; after processing 2500 packets, we still have 1378 to go!
2014-01-17 05:47:38 [CLIENT] [WARNING] Memory connection overburdened; after processing 2500 packets, we still have 533 to go!
2014-01-17 05:47:43 [CLIENT] [INFO] Stopping!
2014-01-17 05:49:13 [CLIENT] [INFO] Setting user: Player655
2014-01-17 05:49:15 [CLIENT] [INFO] LWJGL Version: 2.9.0
2014-01-17 05:49:16 [CLIENT] [INFO] Reloading ResourceManager: Default
2014-01-17 05:49:20 [CLIENT] [INFO] Reloading ResourceManager: Default, FMLFileResourcePack:Forge Mod Loader, FMLFileResourcePack:Minecraft Forge, FMLFileResourcePack:Pictocraft
2014-01-17 05:49:23 [CLIENT] [SEVERE] Using missing texture, unable to load: minecraft:textures/items/MISSING_ICON_ITEM_5256_Rune_Ore.png
2014-01-17 05:49:23 [CLIENT] [INFO] Reloading ResourceManager: Default, FMLFileResourcePack:Forge Mod Loader, FMLFileResourcePack:Minecraft Forge, FMLFileResourcePack:Pictocraft
2014-01-17 05:49:24 [CLIENT] [SEVERE] Using missing texture, unable to load: minecraft:textures/items/MISSING_ICON_ITEM_5256_Rune_Ore.png
2014-01-17 05:49:27 [CLIENT] [SEVERE] Realms: Invalid session id
2014-01-17 05:50:20 [CLIENT] [INFO] Stopping!
2014-01-17 05:54:11 [CLIENT] [INFO] Setting user: Player841
2014-01-17 05:54:12 [CLIENT] [INFO] LWJGL Version: 2.9.0
2014-01-17 05:54:13 [CLIENT] [INFO] Reloading ResourceManager: Default
2014-01-17 05:54:17 [CLIENT] [INFO] Reloading ResourceManager: Default, FMLFileResourcePack:Forge Mod Loader, FMLFileResourcePack:Minecraft Forge, FMLFileResourcePack:Pictocraft
2014-01-17 05:54:19 [CLIENT] [INFO] Reloading ResourceManager: Default, FMLFileResourcePack:Forge Mod Loader, FMLFileResourcePack:Minecraft Forge, FMLFileResourcePack:Pictocraft
2014-01-17 05:54:19 [CLIENT] [SEVERE] Using missing texture, unable to load: minecraft:textures/items/MISSING_ICON_ITEM_5256_Rune_Ore.png
2014-01-17 05:54:21 [CLIENT] [SEVERE] Realms: Invalid session id
2014-01-17 05:55:15 [CLIENT] [INFO] Stopping!
2014-01-17 06:20:50 [CLIENT] [INFO] Setting user: Player304
2014-01-17 06:20:52 [CLIENT] [INFO] LWJGL Version: 2.9.0
2014-01-17 06:20:53 [CLIENT] [INFO] Reloading ResourceManager: Default
2014-01-17 06:20:58 [CLIENT] [INFO] Reloading ResourceManager: Default, FMLFileResourcePack:Forge Mod Loader, FMLFileResourcePack:Minecraft Forge, FMLFileResourcePack:Pictocraft
2014-01-17 06:21:01 [CLIENT] [INFO] Reloading ResourceManager: Default, FMLFileResourcePack:Forge Mod Loader, FMLFileResourcePack:Minecraft Forge, FMLFileResourcePack:Pictocraft
2014-01-17 06:21:01 [CLIENT] [SEVERE] Using missing texture, unable to load: minecraft:textures/items/MISSING_ICON_ITEM_5256_Raw Rune.png
2014-01-17 06:21:03 [CLIENT] [SEVERE] Realms: Invalid session id
2014-01-17 06:21:29 [CLIENT] [INFO] Stopping!
2014-01-17 06:28:29 [CLIENT] [INFO] Setting user: Player921
2014-01-17 06:28:31 [CLIENT] [INFO] LWJGL Version: 2.9.0
2014-01-17 06:28:31 [CLIENT] [INFO] Reloading ResourceManager: Default
2014-01-17 06:28:36 [CLIENT] [INFO] Reloading ResourceManager: Default, FMLFileResourcePack:Forge Mod Loader, FMLFileResourcePack:Minecraft Forge, FMLFileResourcePack:Pictocraft
2014-01-17 06:28:39 [CLIENT] [INFO] Reloading ResourceManager: Default, FMLFileResourcePack:Forge Mod Loader, FMLFileResourcePack:Minecraft Forge, FMLFileResourcePack:Pictocraft
2014-01-17 06:28:41 [CLIENT] [SEVERE] Realms: Invalid session id
2014-01-17 06:30:15 [CLIENT] [INFO] [CHAT] Saved screenshot as 2014-01-17_06.30.14.png
2014-01-17 06:30:25 [CLIENT] [INFO] [CHAT] Saved screenshot as 2014-01-17_06.30.25.png
2014-01-17 06:31:43 [CLIENT] [INFO] Stopping!
2014-01-17 06:36:12 [CLIENT] [INFO] Setting user: Player615
2014-01-17 06:36:14 [CLIENT] [INFO] LWJGL Version: 2.9.0
2014-01-17 06:36:14 [CLIENT] [INFO] Reloading ResourceManager: Default
2014-01-17 06:36:19 [CLIENT] [INFO] Reloading ResourceManager: Default, FMLFileResourcePack:Forge Mod Loader, FMLFileResourcePack:Minecraft Forge, FMLFileResourcePack:Pictocraft
2014-01-17 06:36:21 [CLIENT] [INFO] Reloading ResourceManager: Default, FMLFileResourcePack:Forge Mod Loader, FMLFileResourcePack:Minecraft Forge, FMLFileResourcePack:Pictocraft
2014-01-17 06:36:23 [CLIENT] [SEVERE] Realms: Invalid session id
2014-01-17 06:36:38 [CLIENT] [INFO] [CHAT] Saved screenshot as 2014-01-17_06.36.38.png
2014-01-17 06:36:49 [CLIENT] [INFO] [CHAT] Saved screenshot as 2014-01-17_06.36.49.png
2014-01-17 06:37:14 [CLIENT] [INFO] [CHAT] Saved screenshot as 2014-01-17_06.37.14.png
2014-01-17 06:38:13 [CLIENT] [INFO] Stopping!
2014-01-17 06:45:00 [CLIENT] [INFO] Setting user: Player234
2014-01-17 06:45:02 [CLIENT] [INFO] LWJGL Version: 2.9.0
2014-01-17 06:45:02 [CLIENT] [INFO] Reloading ResourceManager: Default
2014-01-17 06:45:07 [CLIENT] [INFO] Reloading ResourceManager: Default, FMLFileResourcePack:Forge Mod Loader, FMLFileResourcePack:Minecraft Forge, FMLFileResourcePack:Pictocraft
2014-01-17 06:45:09 [CLIENT] [INFO] Reloading ResourceManager: Default, FMLFileResourcePack:Forge Mod Loader, FMLFileResourcePack:Minecraft Forge, FMLFileResourcePack:Pictocraft
2014-01-17 06:45:11 [CLIENT] [SEVERE] Realms: Invalid session id
2014-01-17 06:45:43 [CLIENT] [INFO] Stopping!
2014-01-17 06:46:09 [CLIENT] [INFO] Setting user: Player444
2014-01-17 06:46:11 [CLIENT] [INFO] LWJGL Version: 2.9.0
2014-01-17 06:46:12 [CLIENT] [INFO] Reloading ResourceManager: Default
2014-01-17 06:46:16 [CLIENT] [INFO] Reloading ResourceManager: Default, FMLFileResourcePack:Forge Mod Loader, FMLFileResourcePack:Minecraft Forge, FMLFileResourcePack:Pictocraft
2014-01-17 06:46:19 [CLIENT] [INFO] Reloading ResourceManager: Default, FMLFileResourcePack:Forge Mod Loader, FMLFileResourcePack:Minecraft Forge, FMLFileResourcePack:Pictocraft
2014-01-17 06:46:21 [CLIENT] [SEVERE] Realms: Invalid session id
2014-01-17 06:47:58 [CLIENT] [INFO] [CHAT] Saved screenshot as 2014-01-17_06.47.58.png
2014-01-17 06:48:06 [CLIENT] [INFO] Stopping!
2014-01-17 06:48:42 [CLIENT] [INFO] Setting user: Player534
2014-01-17 06:48:43 [CLIENT] [INFO] LWJGL Version: 2.9.0
2014-01-17 06:48:44 [CLIENT] [INFO] Reloading ResourceManager: Default
2014-01-17 06:48:49 [CLIENT] [INFO] Reloading ResourceManager: Default, FMLFileResourcePack:Forge Mod Loader, FMLFileResourcePack:Minecraft Forge, FMLFileResourcePack:Pictocraft
2014-01-17 06:48:51 [CLIENT] [INFO] Reloading ResourceManager: Default, FMLFileResourcePack:Forge Mod Loader, FMLFileResourcePack:Minecraft Forge, FMLFileResourcePack:Pictocraft
2014-01-17 06:48:53 [CLIENT] [SEVERE] Realms: Invalid session id
2014-01-17 09:53:50 [CLIENT] [INFO] Stopping!
2014-01-17 09:57:39 [CLIENT] [INFO] Setting user: Player608
2014-01-17 09:57:41 [CLIENT] [INFO] LWJGL Version: 2.9.0
2014-01-17 09:57:42 [CLIENT] [INFO] Reloading ResourceManager: Default
2014-01-17 09:57:46 [CLIENT] [INFO] Reloading ResourceManager: Default, FMLFileResourcePack:Forge Mod Loader, FMLFileResourcePack:Minecraft Forge, FMLFileResourcePack:Pictocraft
2014-01-17 09:57:49 [CLIENT] [INFO] Reloading ResourceManager: Default, FMLFileResourcePack:Forge Mod Loader, FMLFileResourcePack:Minecraft Forge, FMLFileResourcePack:Pictocraft
2014-01-17 09:57:51 [CLIENT] [SEVERE] Realms: Invalid session id
2014-01-17 09:58:28 [CLIENT] [INFO] Stopping!
2014-01-17 10:08:31 [CLIENT] [INFO] Setting user: Player340
2014-01-17 10:08:33 [CLIENT] [INFO] LWJGL Version: 2.9.0
2014-01-17 10:08:34 [CLIENT] [INFO] Reloading ResourceManager: Default
2014-01-17 10:08:38 [CLIENT] [INFO] Reloading ResourceManager: Default, FMLFileResourcePack:Forge Mod Loader, FMLFileResourcePack:Minecraft Forge, FMLFileResourcePack:Pictocraft
2014-01-17 10:08:41 [CLIENT] [INFO] Reloading ResourceManager: Default, FMLFileResourcePack:Forge Mod Loader, FMLFileResourcePack:Minecraft Forge, FMLFileResourcePack:Pictocraft
2014-01-17 10:08:43 [CLIENT] [SEVERE] Realms: Invalid session id
2014-01-17 10:09:33 [CLIENT] [INFO] Stopping!
2014-01-17 10:24:05 [CLIENT] [INFO] Setting user: Player714
2014-01-17 10:24:06 [CLIENT] [INFO] LWJGL Version: 2.9.0
2014-01-17 10:24:07 [CLIENT] [INFO] Reloading ResourceManager: Default
2014-01-17 10:24:12 [CLIENT] [INFO] Reloading ResourceManager: Default, FMLFileResourcePack:Forge Mod Loader, FMLFileResourcePack:Minecraft Forge, FMLFileResourcePack:Pictocraft
2014-01-17 10:24:14 [CLIENT] [INFO] Reloading ResourceManager: Default, FMLFileResourcePack:Forge Mod Loader, FMLFileResourcePack:Minecraft Forge, FMLFileResourcePack:Pictocraft
2014-01-17 10:24:16 [CLIENT] [SEVERE] Realms: Invalid session id
2014-01-17 10:35:29 [CLIENT] [INFO] Stopping!
2014-01-17 10:37:27 [CLIENT] [INFO] Setting user: Player846
2014-01-17 10:37:29 [CLIENT] [INFO] LWJGL Version: 2.9.0
2014-01-17 10:37:30 [CLIENT] [INFO] Reloading ResourceManager: Default
2014-01-17 10:37:35 [CLIENT] [INFO] Reloading ResourceManager: Default, FMLFileResourcePack:Forge Mod Loader, FMLFileResourcePack:Minecraft Forge, FMLFileResourcePack:Pictocraft
2014-01-17 10:37:37 [CLIENT] [INFO] Reloading ResourceManager: Default, FMLFileResourcePack:Forge Mod Loader, FMLFileResourcePack:Minecraft Forge, FMLFileResourcePack:Pictocraft
2014-01-17 10:37:40 [CLIENT] [SEVERE] Realms: Invalid session id
2014-01-17 10:38:17 [CLIENT] [INFO] [CHAT] Toggled downfall
2014-01-17 10:43:24 [CLIENT] [INFO] Stopping!
2014-01-17 10:48:07 [CLIENT] [INFO] Setting user: Player858
2014-01-17 10:48:09 [CLIENT] [INFO] LWJGL Version: 2.9.0
2014-01-17 10:48:09 [CLIENT] [INFO] Reloading ResourceManager: Default
2014-01-17 10:48:14 [CLIENT] [INFO] Reloading ResourceManager: Default, FMLFileResourcePack:Forge Mod Loader, FMLFileResourcePack:Minecraft Forge, FMLFileResourcePack:Pictocraft
2014-01-17 10:48:16 [CLIENT] [INFO] Reloading ResourceManager: Default, FMLFileResourcePack:Forge Mod Loader, FMLFileResourcePack:Minecraft Forge, FMLFileResourcePack:Pictocraft
2014-01-17 10:48:19 [CLIENT] [SEVERE] Realms: Invalid session id
2014-01-17 10:51:24 [CLIENT] [INFO] Stopping!
2014-01-17 10:55:26 [CLIENT] [INFO] Setting user: Player413
2014-01-17 10:55:28 [CLIENT] [INFO] LWJGL Version: 2.9.0
2014-01-17 10:55:29 [CLIENT] [INFO] Reloading ResourceManager: Default
2014-01-17 10:55:33 [CLIENT] [INFO] Reloading ResourceManager: Default, FMLFileResourcePack:Forge Mod Loader, FMLFileResourcePack:Minecraft Forge, FMLFileResourcePack:Pictocraft
2014-01-17 10:55:34 [CLIENT] [INFO] Reloading ResourceManager: Default, FMLFileResourcePack:Forge Mod Loader, FMLFileResourcePack:Minecraft Forge, FMLFileResourcePack:Pictocraft
2014-01-17 10:55:37 [CLIENT] [SEVERE] Realms: Invalid session id
2014-01-17 11:02:02 [CLIENT] [INFO] Stopping!
2014-01-17 11:09:58 [CLIENT] [INFO] Setting user: Player52
2014-01-17 11:09:59 [CLIENT] [INFO] LWJGL Version: 2.9.0
2014-01-17 11:10:00 [CLIENT] [INFO] Reloading ResourceManager: Default
2014-01-17 11:10:05 [CLIENT] [INFO] Reloading ResourceManager: Default, FMLFileResourcePack:Forge Mod Loader, FMLFileResourcePack:Minecraft Forge, FMLFileResourcePack:Pictocraft
2014-01-17 11:10:07 [CLIENT] [INFO] Reloading ResourceManager: Default, FMLFileResourcePack:Forge Mod Loader, FMLFileResourcePack:Minecraft Forge, FMLFileResourcePack:Pictocraft
2014-01-17 11:10:07 [CLIENT] [SEVERE] Using missing texture, unable to load: pictocraft:textures/items/Chain.png
2014-01-17 11:10:10 [CLIENT] [SEVERE] Realms: Invalid session id
2014-01-17 11:12:09 [CLIENT] [INFO] Stopping!
2014-01-17 11:15:57 [CLIENT] [INFO] Setting user: Player948
2014-01-17 11:15:59 [CLIENT] [INFO] LWJGL Version: 2.9.0
2014-01-17 11:16:00 [CLIENT] [INFO] Reloading ResourceManager: Default
2014-01-17 11:16:04 [CLIENT] [INFO] Reloading ResourceManager: Default, FMLFileResourcePack:Forge Mod Loader, FMLFileResourcePack:Minecraft Forge, FMLFileResourcePack:Pictocraft
2014-01-17 11:16:06 [CLIENT] [INFO] Reloading ResourceManager: Default, FMLFileResourcePack:Forge Mod Loader, FMLFileResourcePack:Minecraft Forge, FMLFileResourcePack:Pictocraft
2014-01-17 11:16:08 [CLIENT] [SEVERE] Realms: Invalid session id
2014-01-17 11:16:24 [CLIENT] [INFO] [CHAT] Set the time to 0
2014-01-17 11:17:03 [CLIENT] [INFO] Stopping!
2014-01-17 11:18:48 [CLIENT] [INFO] Setting user: Player135
2014-01-17 11:18:50 [CLIENT] [INFO] LWJGL Version: 2.9.0
2014-01-17 11:18:50 [CLIENT] [INFO] Reloading ResourceManager: Default
2014-01-17 11:18:55 [CLIENT] [INFO] Reloading ResourceManager: Default, FMLFileResourcePack:Forge Mod Loader, FMLFileResourcePack:Minecraft Forge, FMLFileResourcePack:Pictocraft
2014-01-17 11:18:57 [CLIENT] [INFO] Reloading ResourceManager: Default, FMLFileResourcePack:Forge Mod Loader, FMLFileResourcePack:Minecraft Forge, FMLFileResourcePack:Pictocraft
2014-01-17 11:19:00 [CLIENT] [SEVERE] Realms: Invalid session id
2014-01-17 11:19:33 [CLIENT] [INFO] Stopping!
2014-01-17 11:31:42 [CLIENT] [INFO] Setting user: Player611
2014-01-17 11:31:44 [CLIENT] [INFO] LWJGL Version: 2.9.0
2014-01-17 11:31:45 [CLIENT] [INFO] Reloading ResourceManager: Default
2014-01-17 11:31:49 [CLIENT] [INFO] Reloading ResourceManager: Default, FMLFileResourcePack:Forge Mod Loader, FMLFileResourcePack:Minecraft Forge, FMLFileResourcePack:Pictocraft
2014-01-17 11:31:52 [CLIENT] [INFO] Reloading ResourceManager: Default, FMLFileResourcePack:Forge Mod Loader, FMLFileResourcePack:Minecraft Forge, FMLFileResourcePack:Pictocraft
2014-01-17 11:31:55 [CLIENT] [SEVERE] Realms: Invalid session id
2014-01-17 11:33:12 [CLIENT] [INFO] Stopping!
2014-01-17 11:34:32 [CLIENT] [INFO] Setting user: Player768
2014-01-17 11:34:34 [CLIENT] [INFO] LWJGL Version: 2.9.0
2014-01-17 11:34:35 [CLIENT] [INFO] Reloading ResourceManager: Default
2014-01-17 11:34:40 [CLIENT] [INFO] Reloading ResourceManager: Default, FMLFileResourcePack:Forge Mod Loader, FMLFileResourcePack:Minecraft Forge, FMLFileResourcePack:Pictocraft
2014-01-17 11:34:43 [CLIENT] [INFO] Reloading ResourceManager: Default, FMLFileResourcePack:Forge Mod Loader, FMLFileResourcePack:Minecraft Forge, FMLFileResourcePack:Pictocraft
2014-01-17 11:34:45 [CLIENT] [SEVERE] Realms: Invalid session id
2014-01-17 11:48:10 [CLIENT] [INFO] [CHAT] Toggled downfall
2014-01-17 11:48:13 [CLIENT] [INFO] [CHAT] Set the time to 0
2014-01-17 11:54:23 [CLIENT] [INFO] [CHAT] Saved screenshot as 2014-01-17_11.54.23.png
2014-01-17 12:00:02 [CLIENT] [INFO] [CHAT] Set the time to 0
2014-01-17 12:44:12 [CLIENT] [INFO] Stopping!
2014-01-17 18:53:56 [CLIENT] [INFO] Setting user: Player741
2014-01-17 18:53:57 [CLIENT] [INFO] LWJGL Version: 2.9.0
2014-01-17 18:53:58 [CLIENT] [INFO] Reloading ResourceManager: Default
2014-01-17 18:54:03 [CLIENT] [INFO] Reloading ResourceManager: Default, FMLFileResourcePack:Forge Mod Loader, FMLFileResourcePack:Minecraft Forge, FMLFileResourcePack:Pictocraft
2014-01-17 18:54:05 [CLIENT] [INFO] Reloading ResourceManager: Default, FMLFileResourcePack:Forge Mod Loader, FMLFileResourcePack:Minecraft Forge, FMLFileResourcePack:Pictocraft
2014-01-17 18:54:07 [CLIENT] [SEVERE] Realms: Invalid session id
2014-01-17 18:57:44 [CLIENT] [INFO] Stopping!
2014-01-17 18:58:11 [CLIENT] [INFO] Setting user: Player604
2014-01-17 18:58:12 [CLIENT] [INFO] LWJGL Version: 2.9.0
2014-01-17 18:58:13 [CLIENT] [INFO] Reloading ResourceManager: Default
2014-01-17 18:58:20 [CLIENT] [INFO] Reloading ResourceManager: Default, FMLFileResourcePack:Forge Mod Loader, FMLFileResourcePack:Minecraft Forge, FMLFileResourcePack:Pictocraft
2014-01-17 18:58:22 [CLIENT] [INFO] Reloading ResourceManager: Default, FMLFileResourcePack:Forge Mod Loader, FMLFileResourcePack:Minecraft Forge, FMLFileResourcePack:Pictocraft
2014-01-17 18:58:25 [CLIENT] [SEVERE] Realms: Invalid session id
2014-01-18 07:29:38 [CLIENT] [INFO] Stopping!
2014-01-18 07:33:10 [CLIENT] [INFO] Setting user: Player708
2014-01-18 07:33:12 [CLIENT] [INFO] LWJGL Version: 2.9.0
2014-01-18 07:33:13 [CLIENT] [INFO] Reloading ResourceManager: Default
2014-01-18 07:33:20 [CLIENT] [INFO] Reloading ResourceManager: Default, FMLFileResourcePack:Forge Mod Loader, FMLFileResourcePack:Minecraft Forge, FMLFileResourcePack:Pictocraft
2014-01-18 07:33:24 [CLIENT] [INFO] Reloading ResourceManager: Default, FMLFileResourcePack:Forge Mod Loader, FMLFileResourcePack:Minecraft Forge, FMLFileResourcePack:Pictocraft
2014-01-18 07:33:24 [CLIENT] [SEVERE] Using missing texture, unable to load: pictocraft:textures/blocks/Rune_Block.png
2014-01-18 07:33:28 [CLIENT] [SEVERE] Realms: Invalid session id
2014-01-18 07:34:16 [CLIENT] [INFO] Stopping!
2014-01-18 07:37:12 [CLIENT] [INFO] Setting user: Player946
2014-01-18 07:37:14 [CLIENT] [INFO] LWJGL Version: 2.9.0
2014-01-18 07:37:15 [CLIENT] [INFO] Reloading ResourceManager: Default
2014-01-18 07:37:21 [CLIENT] [INFO] Reloading ResourceManager: Default, FMLFileResourcePack:Forge Mod Loader, FMLFileResourcePack:Minecraft Forge, FMLFileResourcePack:Pictocraft
2014-01-18 07:37:25 [CLIENT] [INFO] Reloading ResourceManager: Default, FMLFileResourcePack:Forge Mod Loader, FMLFileResourcePack:Minecraft Forge, FMLFileResourcePack:Pictocraft
2014-01-18 07:37:25 [CLIENT] [SEVERE] Using missing texture, unable to load: pictocraft:textures/blocks/Rune_Block.png
2014-01-18 07:37:28 [CLIENT] [SEVERE] Realms: Invalid session id
2014-01-18 07:38:45 [CLIENT] [INFO] Stopping!
2014-01-18 07:38:55 [CLIENT] [INFO] Setting user: Player709
2014-01-18 07:38:56 [CLIENT] [INFO] LWJGL Version: 2.9.0
2014-01-18 07:38:57 [CLIENT] [INFO] Reloading ResourceManager: Default
2014-01-18 07:39:02 [CLIENT] [INFO] Reloading ResourceManager: Default, FMLFileResourcePack:Forge Mod Loader, FMLFileResourcePack:Minecraft Forge, FMLFileResourcePack:Pictocraft
2014-01-18 07:39:04 [CLIENT] [INFO] Reloading ResourceManager: Default, FMLFileResourcePack:Forge Mod Loader, FMLFileResourcePack:Minecraft Forge, FMLFileResourcePack:Pictocraft
2014-01-18 07:39:04 [CLIENT] [SEVERE] Using missing texture, unable to load: pictocraft:textures/blocks/Rune_Block.png
2014-01-18 07:39:06 [CLIENT] [SEVERE] Realms: Invalid session id
2014-01-18 07:39:27 [CLIENT] [INFO] Stopping!
2014-01-18 07:41:02 [CLIENT] [INFO] Setting user: Player316
2014-01-18 07:41:04 [CLIENT] [INFO] LWJGL Version: 2.9.0
2014-01-18 07:41:05 [CLIENT] [INFO] Reloading ResourceManager: Default
2014-01-18 07:41:09 [CLIENT] [INFO] Reloading ResourceManager: Default, FMLFileResourcePack:Forge Mod Loader, FMLFileResourcePack:Minecraft Forge, FMLFileResourcePack:Pictocraft
2014-01-18 07:41:11 [CLIENT] [INFO] Reloading ResourceManager: Default, FMLFileResourcePack:Forge Mod Loader, FMLFileResourcePack:Minecraft Forge, FMLFileResourcePack:Pictocraft
2014-01-18 07:41:14 [CLIENT] [SEVERE] Realms: Invalid session id
2014-01-18 07:43:39 [CLIENT] [INFO] Stopping!
2014-01-18 07:46:34 [CLIENT] [INFO] Setting user: Player448
2014-01-18 07:46:36 [CLIENT] [INFO] LWJGL Version: 2.9.0
2014-01-18 07:46:37 [CLIENT] [INFO] Reloading ResourceManager: Default
2014-01-18 07:46:42 [CLIENT] [INFO] Reloading ResourceManager: Default, FMLFileResourcePack:Forge Mod Loader, FMLFileResourcePack:Minecraft Forge, FMLFileResourcePack:Pictocraft
2014-01-18 07:46:45 [CLIENT] [INFO] Reloading ResourceManager: Default, FMLFileResourcePack:Forge Mod Loader, FMLFileResourcePack:Minecraft Forge, FMLFileResourcePack:Pictocraft
2014-01-18 07:46:45 [CLIENT] [SEVERE] Using missing texture, unable to load: pictocraft:textures/items/Rune_Slab.png
2014-01-18 07:46:48 [CLIENT] [SEVERE] Realms: Invalid session id
2014-01-18 07:52:29 [CLIENT] [INFO] [CHAT] Set the time to 0
2014-01-18 07:56:58 [CLIENT] [INFO] Stopping!
2014-01-18 08:16:51 [CLIENT] [INFO] Setting user: Player757
2014-01-18 08:16:53 [CLIENT] [INFO] LWJGL Version: 2.9.0
2014-01-18 08:16:54 [CLIENT] [INFO] Reloading ResourceManager: Default
2014-01-18 08:17:00 [CLIENT] [INFO] Reloading ResourceManager: Default, FMLFileResourcePack:Forge Mod Loader, FMLFileResourcePack:Minecraft Forge, FMLFileResourcePack:Pictocraft
2014-01-18 08:17:02 [CLIENT] [INFO] Reloading ResourceManager: Default, FMLFileResourcePack:Forge Mod Loader, FMLFileResourcePack:Minecraft Forge, FMLFileResourcePack:Pictocraft
2014-01-18 08:17:03 [CLIENT] [SEVERE] Using missing texture, unable to load: pictocraft:textures/items/Rune_Slab.png
2014-01-18 08:17:07 [CLIENT] [SEVERE] Realms: Invalid session id
2014-01-18 08:17:48 [CLIENT] [WARNING] Memory connection overburdened; after processing 2500 packets, we still have 794 to go!
2014-01-18 08:23:09 [CLIENT] [INFO] [CHAT] Your game mode has been updated
2014-01-18 08:23:21 [CLIENT] [INFO] [CHAT] Your game mode has been updated
2014-01-18 08:26:12 [CLIENT] [INFO] Stopping!
2014-01-18 08:48:01 [CLIENT] [INFO] Setting user: Player89
2014-01-18 08:48:04 [CLIENT] [INFO] LWJGL Version: 2.9.0
2014-01-18 08:48:04 [CLIENT] [INFO] Reloading ResourceManager: Default
2014-01-18 08:48:09 [CLIENT] [INFO] Reloading ResourceManager: Default, FMLFileResourcePack:Forge Mod Loader, FMLFileResourcePack:Minecraft Forge, FMLFileResourcePack:Pictocraft
2014-01-18 08:48:12 [CLIENT] [INFO] Reloading ResourceManager: Default, FMLFileResourcePack:Forge Mod Loader, FMLFileResourcePack:Minecraft Forge, FMLFileResourcePack:Pictocraft
2014-01-18 08:48:12 [CLIENT] [SEVERE] Using missing texture, unable to load: pictocraft:textures/items/Rune_Slab.png
2014-01-18 08:48:15 [CLIENT] [SEVERE] Realms: Invalid session id
2014-01-18 08:48:35 [CLIENT] [INFO] [CHAT] Your game mode has been updated
2014-01-18 08:49:18 [CLIENT] [INFO] [CHAT] Your game mode has been updated
2014-01-18 08:49:33 [CLIENT] [INFO] Stopping!
2014-01-18 08:49:55 [CLIENT] [INFO] Setting user: Player954
2014-01-18 08:49:56 [CLIENT] [INFO] LWJGL Version: 2.9.0
2014-01-18 08:49:57 [CLIENT] [INFO] Reloading ResourceManager: Default
2014-01-18 08:50:02 [CLIENT] [INFO] Reloading ResourceManager: Default, FMLFileResourcePack:Forge Mod Loader, FMLFileResourcePack:Minecraft Forge, FMLFileResourcePack:Pictocraft
2014-01-18 08:50:04 [CLIENT] [INFO] Reloading ResourceManager: Default, FMLFileResourcePack:Forge Mod Loader, FMLFileResourcePack:Minecraft Forge, FMLFileResourcePack:Pictocraft
2014-01-18 08:50:04 [CLIENT] [SEVERE] Using missing texture, unable to load: pictocraft:textures/items/Rune_Slab.png
2014-01-18 08:50:07 [CLIENT] [SEVERE] Realms: Invalid session id
2014-01-18 08:50:29 [CLIENT] [INFO] [CHAT] Your game mode has been updated
2014-01-18 08:51:57 [CLIENT] [INFO] [CHAT] Your game mode has been updated
2014-01-18 08:52:19 [CLIENT] [INFO] [CHAT] Set the time to 0
2014-01-18 08:53:30 [CLIENT] [INFO] Stopping!
2014-01-18 09:08:40 [CLIENT] [INFO] Setting user: Player61
2014-01-18 09:08:42 [CLIENT] [INFO] LWJGL Version: 2.9.0
2014-01-18 09:08:42 [CLIENT] [INFO] Reloading ResourceManager: Default
2014-01-18 09:08:47 [CLIENT] [INFO] Reloading ResourceManager: Default, FMLFileResourcePack:Forge Mod Loader, FMLFileResourcePack:Minecraft Forge, FMLFileResourcePack:Pictocraft
2014-01-18 09:08:50 [CLIENT] [INFO] Reloading ResourceManager: Default, FMLFileResourcePack:Forge Mod Loader, FMLFileResourcePack:Minecraft Forge, FMLFileResourcePack:Pictocraft
2014-01-18 09:08:50 [CLIENT] [SEVERE] Using missing texture, unable to load: pictocraft:textures/items/Rune_Slab.png
2014-01-18 09:08:52 [CLIENT] [SEVERE] Realms: Invalid session id
2014-01-18 09:16:24 [CLIENT] [INFO] [CHAT] Set the time to 0
2014-01-18 09:16:30 [CLIENT] [INFO] Stopping!
2014-01-18 09:16:39 [CLIENT] [INFO] Setting user: Player574
2014-01-18 09:16:41 [CLIENT] [INFO] LWJGL Version: 2.9.0
2014-01-18 09:16:42 [CLIENT] [INFO] Reloading ResourceManager: Default
2014-01-18 09:16:47 [CLIENT] [INFO] Reloading ResourceManager: Default, FMLFileResourcePack:Forge Mod Loader, FMLFileResourcePack:Minecraft Forge, FMLFileResourcePack:Pictocraft
2014-01-18 09:16:49 [CLIENT] [INFO] Reloading ResourceManager: Default, FMLFileResourcePack:Forge Mod Loader, FMLFileResourcePack:Minecraft Forge, FMLFileResourcePack:Pictocraft
2014-01-18 09:16:52 [CLIENT] [SEVERE] Realms: Invalid session id
2014-01-18 09:20:39 [CLIENT] [INFO] [CHAT] Saved screenshot as 2014-01-18_09.20.39.png
2014-01-18 09:20:45 [CLIENT] [INFO] [CHAT] Saved screenshot as 2014-01-18_09.20.44.png
2014-01-18 09:21:09 [CLIENT] [INFO] [CHAT] Saved screenshot as 2014-01-18_09.21.09.png
2014-01-18 09:21:44 [CLIENT] [INFO] Stopping!
2014-01-18 10:07:48 [CLIENT] [INFO] Setting user: Player948
2014-01-18 10:07:50 [CLIENT] [INFO] LWJGL Version: 2.9.0
2014-01-18 10:07:51 [CLIENT] [INFO] Reloading ResourceManager: Default
2014-01-18 10:07:57 [CLIENT] [INFO] Reloading ResourceManager: Default, FMLFileResourcePack:Forge Mod Loader, FMLFileResourcePack:Minecraft Forge, FMLFileResourcePack:Pictocraft
2014-01-18 10:07:59 [CLIENT] [INFO] Reloading ResourceManager: Default, FMLFileResourcePack:Forge Mod Loader, FMLFileResourcePack:Minecraft Forge, FMLFileResourcePack:Pictocraft
2014-01-18 10:08:03 [CLIENT] [SEVERE] Realms: Invalid session id
2014-01-18 10:15:13 [CLIENT] [INFO] [CHAT] Set the time to 0
2014-01-18 10:18:10 [CLIENT] [INFO] Stopping!
2014-01-18 10:40:35 [CLIENT] [INFO] Setting user: Player79
2014-01-18 10:40:37 [CLIENT] [INFO] LWJGL Version: 2.9.0
2014-01-18 10:40:38 [CLIENT] [INFO] Reloading ResourceManager: Default
2014-01-18 10:40:45 [CLIENT] [INFO] Reloading ResourceManager: Default, FMLFileResourcePack:Forge Mod Loader, FMLFileResourcePack:Minecraft Forge, FMLFileResourcePack:Pictocraft
2014-01-18 10:40:49 [CLIENT] [INFO] Reloading ResourceManager: Default, FMLFileResourcePack:Forge Mod Loader, FMLFileResourcePack:Minecraft Forge, FMLFileResourcePack:Pictocraft
2014-01-18 10:40:52 [CLIENT] [SEVERE] Realms: Invalid session id
2014-01-18 10:51:37 [CLIENT] [INFO] [CHAT] Set the time to 0
2014-01-18 10:53:45 [CLIENT] [INFO] Stopping!
2014-01-18 10:53:56 [CLIENT] [INFO] Setting user: Player130
2014-01-18 10:53:58 [CLIENT] [INFO] LWJGL Version: 2.9.0
2014-01-18 10:53:58 [CLIENT] [INFO] Reloading ResourceManager: Default
2014-01-18 10:54:03 [CLIENT] [INFO] Reloading ResourceManager: Default, FMLFileResourcePack:Forge Mod Loader, FMLFileResourcePack:Minecraft Forge, FMLFileResourcePack:Pictocraft
2014-01-18 10:54:06 [CLIENT] [INFO] Reloading ResourceManager: Default, FMLFileResourcePack:Forge Mod Loader, FMLFileResourcePack:Minecraft Forge, FMLFileResourcePack:Pictocraft
2014-01-18 10:54:08 [CLIENT] [SEVERE] Realms: Invalid session id
2014-01-18 10:57:42 [CLIENT] [INFO] Stopping!
2014-01-18 10:58:00 [CLIENT] [INFO] Setting user: Player40
2014-01-18 10:58:02 [CLIENT] [INFO] LWJGL Version: 2.9.0
2014-01-18 10:58:03 [CLIENT] [INFO] Reloading ResourceManager: Default
2014-01-18 10:58:08 [CLIENT] [INFO] Reloading ResourceManager: Default, FMLFileResourcePack:Forge Mod Loader, FMLFileResourcePack:Minecraft Forge, FMLFileResourcePack:Pictocraft
2014-01-18 10:58:10 [CLIENT] [INFO] Reloading ResourceManager: Default, FMLFileResourcePack:Forge Mod Loader, FMLFileResourcePack:Minecraft Forge, FMLFileResourcePack:Pictocraft
2014-01-18 10:58:14 [CLIENT] [SEVERE] Realms: Invalid session id
2014-01-18 11:05:39 [CLIENT] [INFO] [CHAT] Set the time to 0
2014-01-18 11:29:05 [CLIENT] [INFO] Stopping!
2014-01-18 16:01:59 [CLIENT] [INFO] Setting user: Player895
2014-01-18 16:02:01 [CLIENT] [INFO] LWJGL Version: 2.9.0
2014-01-18 16:02:02 [CLIENT] [INFO] Reloading ResourceManager: Default
2014-01-18 16:02:08 [CLIENT] [INFO] Reloading ResourceManager: Default, FMLFileResourcePack:Forge Mod Loader, FMLFileResourcePack:Minecraft Forge, FMLFileResourcePack:Pictocraft
2014-01-18 16:02:10 [CLIENT] [INFO] Reloading ResourceManager: Default, FMLFileResourcePack:Forge Mod Loader, FMLFileResourcePack:Minecraft Forge, FMLFileResourcePack:Pictocraft
2014-01-18 16:02:13 [CLIENT] [SEVERE] Realms: Invalid session id
2014-01-18 16:02:31 [CLIENT] [INFO] [CHAT] Toggled downfall
2014-01-18 16:02:54 [CLIENT] [INFO] [CHAT] Saved screenshot as 2014-01-18_16.02.54.png
2014-01-18 16:02:58 [CLIENT] [INFO] [CHAT] Saved screenshot as 2014-01-18_16.02.58.png
2014-01-18 16:03:03 [CLIENT] [INFO] [CHAT] Saved screenshot as 2014-01-18_16.03.03.png
2014-01-18 16:03:10 [CLIENT] [INFO] [CHAT] Saved screenshot as 2014-01-18_16.03.10.png
2014-01-18 16:03:14 [CLIENT] [INFO] [CHAT] Saved screenshot as 2014-01-18_16.03.14.png
2014-01-18 16:03:28 [CLIENT] [INFO] [CHAT] Saved screenshot as 2014-01-18_16.03.28.png
2014-01-18 16:03:33 [CLIENT] [INFO] [CHAT] Saved screenshot as 2014-01-18_16.03.33.png
2014-01-18 16:03:56 [CLIENT] [INFO] [CHAT] Saved screenshot as 2014-01-18_16.03.56.png
2014-01-18 16:04:03 [CLIENT] [INFO] [CHAT] Saved screenshot as 2014-01-18_16.04.03.png
2014-01-18 16:04:13 [CLIENT] [INFO] Stopping!
2014-01-18 16:15:52 [CLIENT] [INFO] Setting user: Player788
2014-01-18 16:15:54 [CLIENT] [INFO] LWJGL Version: 2.9.0
2014-01-18 16:15:55 [CLIENT] [INFO] Reloading ResourceManager: Default
2014-01-18 16:16:01 [CLIENT] [INFO] Reloading ResourceManager: Default, FMLFileResourcePack:Forge Mod Loader, FMLFileResourcePack:Minecraft Forge, FMLFileResourcePack:Pictocraft
2014-01-18 16:16:04 [CLIENT] [INFO] Reloading ResourceManager: Default, FMLFileResourcePack:Forge Mod Loader, FMLFileResourcePack:Minecraft Forge, FMLFileResourcePack:Pictocraft
2014-01-18 16:16:07 [CLIENT] [SEVERE] Realms: Invalid session id
2014-01-18 16:16:48 [CLIENT] [INFO] Stopping!
2014-01-18 16:16:58 [CLIENT] [INFO] Setting user: Player591
2014-01-18 16:17:00 [CLIENT] [INFO] LWJGL Version: 2.9.0
2014-01-18 16:17:01 [CLIENT] [INFO] Reloading ResourceManager: Default
2014-01-18 16:17:06 [CLIENT] [INFO] Reloading ResourceManager: Default, FMLFileResourcePack:Forge Mod Loader, FMLFileResourcePack:Minecraft Forge, FMLFileResourcePack:Pictocraft
2014-01-18 16:17:09 [CLIENT] [INFO] Reloading ResourceManager: Default, FMLFileResourcePack:Forge Mod Loader, FMLFileResourcePack:Minecraft Forge, FMLFileResourcePack:Pictocraft
2014-01-18 16:17:12 [CLIENT] [SEVERE] Realms: Invalid session id
2014-01-18 16:18:11 [CLIENT] [INFO] Stopping!
2014-01-18 16:18:20 [CLIENT] [INFO] Setting user: Player753
2014-01-18 16:18:22 [CLIENT] [INFO] LWJGL Version: 2.9.0
2014-01-18 16:18:22 [CLIENT] [INFO] Reloading ResourceManager: Default
2014-01-18 16:18:27 [CLIENT] [INFO] Reloading ResourceManager: Default, FMLFileResourcePack:Forge Mod Loader, FMLFileResourcePack:Minecraft Forge, FMLFileResourcePack:Pictocraft
2014-01-18 16:18:30 [CLIENT] [INFO] Reloading ResourceManager: Default, FMLFileResourcePack:Forge Mod Loader, FMLFileResourcePack:Minecraft Forge, FMLFileResourcePack:Pictocraft
2014-01-18 16:18:32 [CLIENT] [SEVERE] Realms: Invalid session id
2014-01-18 16:23:49 [CLIENT] [INFO] Stopping!
2014-01-18 16:50:36 [CLIENT] [INFO] Setting user: Player70
2014-01-18 16:50:38 [CLIENT] [INFO] LWJGL Version: 2.9.0
2014-01-18 16:50:39 [CLIENT] [INFO] Reloading ResourceManager: Default
2014-01-18 16:50:53 [CLIENT] [INFO] Reloading ResourceManager: Default, FMLFileResourcePack:Forge Mod Loader, FMLFileResourcePack:Minecraft Forge, FMLFileResourcePack:Pictocraft
2014-01-18 16:50:56 [CLIENT] [INFO] Reloading ResourceManager: Default, FMLFileResourcePack:Forge Mod Loader, FMLFileResourcePack:Minecraft Forge, FMLFileResourcePack:Pictocraft
2014-01-18 16:50:59 [CLIENT] [SEVERE] Realms: Invalid session id
2014-01-18 16:51:14 [CLIENT] [INFO] Stopping!
2014-01-19 02:52:04 [CLIENT] [INFO] Setting user: Player899
2014-01-19 02:52:06 [CLIENT] [INFO] LWJGL Version: 2.9.0
2014-01-19 02:52:07 [CLIENT] [INFO] Reloading ResourceManager: Default
2014-01-19 02:52:13 [CLIENT] [INFO] Reloading ResourceManager: Default, FMLFileResourcePack:Forge Mod Loader, FMLFileResourcePack:Minecraft Forge, FMLFileResourcePack:Pictocraft
2014-01-19 02:52:16 [CLIENT] [INFO] Reloading ResourceManager: Default, FMLFileResourcePack:Forge Mod Loader, FMLFileResourcePack:Minecraft Forge, FMLFileResourcePack:Pictocraft
2014-01-19 02:52:18 [CLIENT] [SEVERE] Realms: Invalid session id
2014-01-19 02:55:01 [CLIENT] [INFO] [CHAT] Set the time to 0
2014-01-19 03:00:27 [CLIENT] [INFO] Stopping!
2014-01-20 05:24:00 [CLIENT] [INFO] Setting user: Player738
2014-01-20 05:24:02 [CLIENT] [INFO] LWJGL Version: 2.9.0
2014-01-20 05:24:03 [CLIENT] [INFO] Reloading ResourceManager: Default
2014-01-20 05:24:08 [CLIENT] [INFO] Reloading ResourceManager: Default, FMLFileResourcePack:Forge Mod Loader, FMLFileResourcePack:Minecraft Forge, FMLFileResourcePack:Pictocraft
2014-01-20 05:24:10 [CLIENT] [INFO] Reloading ResourceManager: Default, FMLFileResourcePack:Forge Mod Loader, FMLFileResourcePack:Minecraft Forge, FMLFileResourcePack:Pictocraft
2014-01-20 05:24:10 [CLIENT] [SEVERE] Using missing texture, unable to load: pictocraft:textures/items/Element_Stone.png
2014-01-20 05:24:12 [CLIENT] [SEVERE] Realms: Server not available!
2014-01-20 05:25:36 [CLIENT] [INFO] Stopping!
2014-01-20 05:31:56 [CLIENT] [INFO] Setting user: Player755
2014-01-20 05:31:58 [CLIENT] [INFO] LWJGL Version: 2.9.0
2014-01-20 05:31:59 [CLIENT] [INFO] Reloading ResourceManager: Default
2014-01-20 05:32:05 [CLIENT] [INFO] Reloading ResourceManager: Default, FMLFileResourcePack:Forge Mod Loader, FMLFileResourcePack:Minecraft Forge, FMLFileResourcePack:Pictocraft
2014-01-20 05:32:08 [CLIENT] [INFO] Reloading ResourceManager: Default, FMLFileResourcePack:Forge Mod Loader, FMLFileResourcePack:Minecraft Forge, FMLFileResourcePack:Pictocraft
2014-01-20 05:32:08 [CLIENT] [SEVERE] Using missing texture, unable to load: pictocraft:textures/items/Element_Stone.png
2014-01-20 05:32:08 [CLIENT] [SEVERE] Using missing texture, unable to load: pictocraft:textures/blocks/Rune_Infuser.png
2014-01-20 05:32:08 [CLIENT] [SEVERE] Using missing texture, unable to load: pictocraft:textures/blocks/Essence_Extractor.png
2014-01-20 05:32:11 [CLIENT] [SEVERE] Realms: Server not available!
2014-01-20 05:36:53 [CLIENT] [INFO] [CHAT] Set the time to 0
2014-01-20 05:40:36 [CLIENT] [INFO] Stopping!
2014-01-20 06:05:54 [CLIENT] [INFO] Setting user: Player515
2014-01-20 06:05:55 [CLIENT] [INFO] LWJGL Version: 2.9.0
2014-01-20 06:05:56 [CLIENT] [INFO] Reloading ResourceManager: Default
2014-01-20 06:06:02 [CLIENT] [INFO] Reloading ResourceManager: Default, FMLFileResourcePack:Forge Mod Loader, FMLFileResourcePack:Minecraft Forge, FMLFileResourcePack:Pictocraft
2014-01-20 06:06:04 [CLIENT] [INFO] Reloading ResourceManager: Default, FMLFileResourcePack:Forge Mod Loader, FMLFileResourcePack:Minecraft Forge, FMLFileResourcePack:Pictocraft
2014-01-20 06:06:04 [CLIENT] [SEVERE] Using missing texture, unable to load: pictocraft:textures/items/Element_Stone.png
2014-01-20 06:06:04 [CLIENT] [SEVERE] Using missing texture, unable to load: pictocraft:textures/blocks/Rune_Infuser.png
2014-01-20 06:06:04 [CLIENT] [SEVERE] Using missing texture, unable to load: pictocraft:textures/blocks/Essence_Extractor.png
2014-01-20 06:06:07 [CLIENT] [SEVERE] Realms: Server not available!
2014-01-20 06:06:36 [CLIENT] [INFO] Stopping!
2014-01-20 06:10:06 [CLIENT] [INFO] Setting user: Player276
2014-01-20 06:10:08 [CLIENT] [INFO] LWJGL Version: 2.9.0
2014-01-20 06:10:09 [CLIENT] [INFO] Reloading ResourceManager: Default
2014-01-20 06:10:15 [CLIENT] [INFO] Reloading ResourceManager: Default, FMLFileResourcePack:Forge Mod Loader, FMLFileResourcePack:Minecraft Forge, FMLFileResourcePack:Pictocraft
2014-01-20 06:10:18 [CLIENT] [INFO] Reloading ResourceManager: Default, FMLFileResourcePack:Forge Mod Loader, FMLFileResourcePack:Minecraft Forge, FMLFileResourcePack:Pictocraft
2014-01-20 06:10:18 [CLIENT] [SEVERE] Using missing texture, unable to load: pictocraft:textures/items/Element_Stone.png
2014-01-20 06:10:18 [CLIENT] [SEVERE] Using missing texture, unable to load: pictocraft:textures/blocks/Rune_Infuser.png
2014-01-20 06:10:18 [CLIENT] [SEVERE] Using missing texture, unable to load: pictocraft:textures/blocks/Essence_Extractor.png
2014-01-20 06:10:20 [CLIENT] [SEVERE] Realms: Server not available!
2014-01-20 06:11:59 [CLIENT] [INFO] Stopping!
2014-01-20 06:12:39 [CLIENT] [INFO] Setting user: Player602
2014-01-20 06:12:41 [CLIENT] [INFO] LWJGL Version: 2.9.0
2014-01-20 06:12:42 [CLIENT] [INFO] Reloading ResourceManager: Default
2014-01-20 06:12:48 [CLIENT] [INFO] Reloading ResourceManager: Default, FMLFileResourcePack:Forge Mod Loader, FMLFileResourcePack:Minecraft Forge, FMLFileResourcePack:Pictocraft
2014-01-20 06:12:50 [CLIENT] [INFO] Reloading ResourceManager: Default, FMLFileResourcePack:Forge Mod Loader, FMLFileResourcePack:Minecraft Forge, FMLFileResourcePack:Pictocraft
2014-01-20 06:12:50 [CLIENT] [SEVERE] Using missing texture, unable to load: pictocraft:textures/items/Element_Stone.png
2014-01-20 06:12:51 [CLIENT] [SEVERE] Using missing texture, unable to load: pictocraft:textures/blocks/Rune_Infuser.png
2014-01-20 06:12:51 [CLIENT] [SEVERE] Using missing texture, unable to load: pictocraft:textures/blocks/Essence_Extractor.png
2014-01-20 06:12:53 [CLIENT] [SEVERE] Realms: Server not available!
2014-01-20 06:13:07 [CLIENT] [INFO] Stopping!
2014-01-20 06:13:32 [CLIENT] [INFO] Setting user: Player554
2014-01-20 06:13:34 [CLIENT] [INFO] LWJGL Version: 2.9.0
2014-01-20 06:13:34 [CLIENT] [INFO] Reloading ResourceManager: Default
2014-01-20 06:13:40 [CLIENT] [INFO] Reloading ResourceManager: Default, FMLFileResourcePack:Forge Mod Loader, FMLFileResourcePack:Minecraft Forge, FMLFileResourcePack:RuneCraftery
2014-01-20 06:13:43 [CLIENT] [INFO] Reloading ResourceManager: Default, FMLFileResourcePack:Forge Mod Loader, FMLFileResourcePack:Minecraft Forge, FMLFileResourcePack:RuneCraftery
2014-01-20 06:13:43 [CLIENT] [SEVERE] Using missing texture, unable to load: pictocraft:textures/items/Element_Stone.png
2014-01-20 06:13:43 [CLIENT] [SEVERE] Using missing texture, unable to load: pictocraft:textures/blocks/Rune_Infuser.png
2014-01-20 06:13:43 [CLIENT] [SEVERE] Using missing texture, unable to load: pictocraft:textures/blocks/Essence_Extractor.png
2014-01-20 06:13:45 [CLIENT] [SEVERE] Realms: Server not available!
2014-01-20 06:13:54 [CLIENT] [INFO] Stopping!
2014-01-20 06:33:45 [CLIENT] [INFO] Setting user: Player198
2014-01-20 06:33:47 [CLIENT] [INFO] LWJGL Version: 2.9.0
2014-01-20 06:33:48 [CLIENT] [INFO] Reloading ResourceManager: Default
2014-01-20 06:33:54 [CLIENT] [INFO] Reloading ResourceManager: Default, FMLFileResourcePack:Forge Mod Loader, FMLFileResourcePack:Minecraft Forge, FMLFileResourcePack:RuneCraftery
2014-01-20 06:33:55 [CLIENT] [INFO] Reloading ResourceManager: Default, FMLFileResourcePack:Forge Mod Loader, FMLFileResourcePack:Minecraft Forge, FMLFileResourcePack:RuneCraftery
2014-01-20 06:33:56 [CLIENT] [SEVERE] Using missing texture, unable to load: pictocraft:textures/items/Element_Stone.png
2014-01-20 06:33:56 [CLIENT] [SEVERE] Using missing texture, unable to load: pictocraft:textures/blocks/Rune_Infuser.png
2014-01-20 06:33:56 [CLIENT] [SEVERE] Using missing texture, unable to load: pictocraft:textures/blocks/Essence_Extractor.png
2014-01-20 06:33:59 [CLIENT] [SEVERE] Realms: Server not available!
2014-01-20 06:34:26 [CLIENT] [INFO] [CHAT] Saved screenshot as 2014-01-20_06.34.26.png
2014-01-20 06:34:33 [CLIENT] [INFO] [CHAT] Saved screenshot as 2014-01-20_06.34.33.png
2014-01-20 06:34:37 [CLIENT] [INFO] Stopping!
