2014-01-17 05:47:10 [SERVER] [INFO] Starting integrated minecraft server version 1.6.4
2014-01-17 05:47:10 [SERVER] [INFO] Generating keypair
2014-01-17 05:47:10 [SERVER] [INFO] Converting map!
2014-01-17 05:47:10 [SERVER] [INFO] Scanning folders...
2014-01-17 05:47:10 [SERVER] [INFO] Total conversion count is 0
2014-01-17 05:47:11 [SERVER] [INFO] Preparing start region for level 0
2014-01-17 05:47:12 [SERVER] [INFO] Preparing spawn area: 6%
2014-01-17 05:47:13 [SERVER] [INFO] Preparing spawn area: 12%
2014-01-17 05:47:14 [SERVER] [INFO] Preparing spawn area: 19%
2014-01-17 05:47:15 [SERVER] [INFO] Preparing spawn area: 35%
2014-01-17 05:47:16 [SERVER] [INFO] Preparing spawn area: 45%
2014-01-17 05:47:17 [SERVER] [INFO] Preparing spawn area: 58%
2014-01-17 05:47:18 [SERVER] [INFO] Preparing spawn area: 69%
2014-01-17 05:47:19 [SERVER] [INFO] Preparing spawn area: 82%
2014-01-17 05:47:20 [SERVER] [INFO] Preparing spawn area: 99%
2014-01-17 05:47:21 [SERVER] [INFO] Player604[/127.0.0.1:0] logged in with entity id 132 at (250.5, 64.0, 238.5)
2014-01-17 05:47:21 [SERVER] [INFO] Player604 joined the game
2014-01-17 05:47:24 [SERVER] [WARNING] Can't keep up! Did the system time change, or is the server overloaded?
2014-01-17 05:47:40 [SERVER] [INFO] Saving and pausing game...
2014-01-17 05:47:40 [SERVER] [INFO] Saving chunks for level 'Dev_World'/Overworld
2014-01-17 05:47:40 [SERVER] [INFO] Saving chunks for level 'Dev_World'/Nether
2014-01-17 05:47:40 [SERVER] [INFO] Saving chunks for level 'Dev_World'/The End
2014-01-17 05:47:41 [SERVER] [INFO] Stopping server
2014-01-17 05:47:41 [SERVER] [INFO] Saving players
2014-01-17 05:47:41 [SERVER] [INFO] Player604 left the game
2014-01-17 05:47:41 [SERVER] [INFO] Saving worlds
2014-01-17 05:47:41 [SERVER] [INFO] Saving chunks for level 'Dev_World'/Overworld
2014-01-17 05:47:41 [SERVER] [INFO] Saving chunks for level 'Dev_World'/Nether
2014-01-17 05:47:41 [SERVER] [INFO] Saving chunks for level 'Dev_World'/The End
2014-01-17 05:49:28 [SERVER] [INFO] Starting integrated minecraft server version 1.6.4
2014-01-17 05:49:28 [SERVER] [INFO] Generating keypair
2014-01-17 05:49:29 [SERVER] [INFO] Preparing start region for level 0
2014-01-17 05:49:30 [SERVER] [INFO] Preparing spawn area: 66%
2014-01-17 05:49:31 [SERVER] [INFO] Player655[/127.0.0.1:0] logged in with entity id 265 at (250.52821185975336, 64.0, 236.13323063999417)
2014-01-17 05:49:31 [SERVER] [INFO] Player655 joined the game
2014-01-17 05:49:33 [SERVER] [WARNING] Can't keep up! Did the system time change, or is the server overloaded?
2014-01-17 05:50:17 [SERVER] [INFO] Saving and pausing game...
2014-01-17 05:50:17 [SERVER] [INFO] Saving chunks for level 'Dev_World'/Overworld
2014-01-17 05:50:18 [SERVER] [INFO] Saving chunks for level 'Dev_World'/Nether
2014-01-17 05:50:18 [SERVER] [INFO] Saving chunks for level 'Dev_World'/The End
2014-01-17 05:50:18 [SERVER] [INFO] Stopping server
2014-01-17 05:50:18 [SERVER] [INFO] Saving players
2014-01-17 05:50:18 [SERVER] [INFO] Player655 left the game
2014-01-17 05:50:18 [SERVER] [INFO] Saving worlds
2014-01-17 05:50:18 [SERVER] [INFO] Saving chunks for level 'Dev_World'/Overworld
2014-01-17 05:50:18 [SERVER] [INFO] Saving chunks for level 'Dev_World'/Nether
2014-01-17 05:50:18 [SERVER] [INFO] Saving chunks for level 'Dev_World'/The End
2014-01-17 05:54:35 [SERVER] [INFO] Starting integrated minecraft server version 1.6.4
2014-01-17 05:54:35 [SERVER] [INFO] Generating keypair
2014-01-17 05:54:35 [SERVER] [INFO] Preparing start region for level 0
2014-01-17 05:54:36 [SERVER] [INFO] Preparing spawn area: 76%
2014-01-17 05:54:37 [SERVER] [INFO] Player841[/127.0.0.1:0] logged in with entity id 276 at (234.55523312409844, 65.0, 244.51836658303148)
2014-01-17 05:54:37 [SERVER] [INFO] Player841 joined the game
2014-01-17 05:55:13 [SERVER] [INFO] Saving and pausing game...
2014-01-17 05:55:13 [SERVER] [INFO] Saving chunks for level 'Dev_World'/Overworld
2014-01-17 05:55:13 [SERVER] [INFO] Saving chunks for level 'Dev_World'/Nether
2014-01-17 05:55:13 [SERVER] [INFO] Saving chunks for level 'Dev_World'/The End
2014-01-17 05:55:14 [SERVER] [INFO] Stopping server
2014-01-17 05:55:14 [SERVER] [INFO] Saving players
2014-01-17 05:55:14 [SERVER] [INFO] Player841 left the game
2014-01-17 05:55:14 [SERVER] [INFO] Saving worlds
2014-01-17 05:55:14 [SERVER] [INFO] Saving chunks for level 'Dev_World'/Overworld
2014-01-17 05:55:14 [SERVER] [INFO] Saving chunks for level 'Dev_World'/Nether
2014-01-17 05:55:14 [SERVER] [INFO] Saving chunks for level 'Dev_World'/The End
2014-01-17 06:21:20 [SERVER] [INFO] Starting integrated minecraft server version 1.6.4
2014-01-17 06:21:20 [SERVER] [INFO] Generating keypair
2014-01-17 06:21:20 [SERVER] [INFO] Preparing start region for level 0
2014-01-17 06:21:21 [SERVER] [INFO] Preparing spawn area: 62%
2014-01-17 06:21:22 [SERVER] [INFO] Player304[/127.0.0.1:0] logged in with entity id 299 at (234.49380544675924, 65.0, 249.697501061288)
2014-01-17 06:21:22 [SERVER] [INFO] Player304 joined the game
2014-01-17 06:21:27 [SERVER] [INFO] Saving and pausing game...
2014-01-17 06:21:27 [SERVER] [INFO] Saving chunks for level 'Dev_World'/Overworld
2014-01-17 06:21:27 [SERVER] [INFO] Saving chunks for level 'Dev_World'/Nether
2014-01-17 06:21:27 [SERVER] [INFO] Saving chunks for level 'Dev_World'/The End
2014-01-17 06:21:27 [SERVER] [INFO] Stopping server
2014-01-17 06:21:27 [SERVER] [INFO] Saving players
2014-01-17 06:21:27 [SERVER] [INFO] Player304 left the game
2014-01-17 06:21:27 [SERVER] [INFO] Saving worlds
2014-01-17 06:21:27 [SERVER] [INFO] Saving chunks for level 'Dev_World'/Overworld
2014-01-17 06:21:27 [SERVER] [INFO] Saving chunks for level 'Dev_World'/Nether
2014-01-17 06:21:27 [SERVER] [INFO] Saving chunks for level 'Dev_World'/The End
2014-01-17 06:29:06 [SERVER] [INFO] Starting integrated minecraft server version 1.6.4
2014-01-17 06:29:06 [SERVER] [INFO] Generating keypair
2014-01-17 06:29:06 [SERVER] [INFO] Preparing start region for level 0
2014-01-17 06:29:07 [SERVER] [INFO] Preparing spawn area: 60%
2014-01-17 06:29:08 [SERVER] [INFO] Player921[/127.0.0.1:0] logged in with entity id 300 at (234.49380544675924, 65.0, 249.697501061288)
2014-01-17 06:29:08 [SERVER] [INFO] Player921 joined the game
2014-01-17 06:29:37 [SERVER] [INFO] Saving and pausing game...
2014-01-17 06:29:37 [SERVER] [INFO] Saving chunks for level 'Dev_World'/Overworld
2014-01-17 06:29:38 [SERVER] [INFO] Saving chunks for level 'Dev_World'/Nether
2014-01-17 06:29:38 [SERVER] [INFO] Saving chunks for level 'Dev_World'/The End
2014-01-17 06:29:38 [SERVER] [INFO] Stopping server
2014-01-17 06:29:38 [SERVER] [INFO] Saving players
2014-01-17 06:29:38 [SERVER] [INFO] Player921 left the game
2014-01-17 06:29:38 [SERVER] [INFO] Saving worlds
2014-01-17 06:29:38 [SERVER] [INFO] Saving chunks for level 'Dev_World'/Overworld
2014-01-17 06:29:38 [SERVER] [INFO] Saving chunks for level 'Dev_World'/Nether
2014-01-17 06:29:38 [SERVER] [INFO] Saving chunks for level 'Dev_World'/The End
2014-01-17 06:36:25 [SERVER] [INFO] Starting integrated minecraft server version 1.6.4
2014-01-17 06:36:25 [SERVER] [INFO] Generating keypair
2014-01-17 06:36:25 [SERVER] [INFO] Preparing start region for level 0
2014-01-17 06:36:26 [SERVER] [INFO] Preparing spawn area: 67%
2014-01-17 06:36:27 [SERVER] [INFO] Player615[/127.0.0.1:0] logged in with entity id 31 at (499.48863670685785, 4.0, -1434.521059664561)
2014-01-17 06:36:27 [SERVER] [INFO] Player615 joined the game
2014-01-17 06:38:11 [SERVER] [INFO] Saving and pausing game...
2014-01-17 06:38:11 [SERVER] [INFO] Saving chunks for level 'Dev_World'/Overworld
2014-01-17 06:38:11 [SERVER] [INFO] Saving chunks for level 'Dev_World'/Nether
2014-01-17 06:38:11 [SERVER] [INFO] Saving chunks for level 'Dev_World'/The End
2014-01-17 06:38:12 [SERVER] [INFO] Stopping server
2014-01-17 06:38:12 [SERVER] [INFO] Saving players
2014-01-17 06:38:12 [SERVER] [INFO] Player615 left the game
2014-01-17 06:38:12 [SERVER] [INFO] Saving worlds
2014-01-17 06:38:12 [SERVER] [INFO] Saving chunks for level 'Dev_World'/Overworld
2014-01-17 06:38:12 [SERVER] [INFO] Saving chunks for level 'Dev_World'/Nether
2014-01-17 06:38:12 [SERVER] [INFO] Saving chunks for level 'Dev_World'/The End
2014-01-17 06:45:17 [SERVER] [INFO] Starting integrated minecraft server version 1.6.4
2014-01-17 06:45:17 [SERVER] [INFO] Generating keypair
2014-01-17 06:45:17 [SERVER] [INFO] Preparing start region for level 0
2014-01-17 06:45:18 [SERVER] [INFO] Preparing spawn area: 53%
2014-01-17 06:45:19 [SERVER] [INFO] Player234[/127.0.0.1:0] logged in with entity id 47 at (491.8825161962157, 4.0, -1447.4927767764182)
2014-01-17 06:45:19 [SERVER] [INFO] Player234 joined the game
2014-01-17 06:45:22 [SERVER] [INFO] Saving and pausing game...
2014-01-17 06:45:22 [SERVER] [INFO] Saving chunks for level 'Dev_World'/Overworld
2014-01-17 06:45:22 [SERVER] [INFO] Saving chunks for level 'Dev_World'/Nether
2014-01-17 06:45:22 [SERVER] [INFO] Saving chunks for level 'Dev_World'/The End
2014-01-17 06:45:41 [SERVER] [INFO] Saving and pausing game...
2014-01-17 06:45:41 [SERVER] [INFO] Saving chunks for level 'Dev_World'/Overworld
2014-01-17 06:45:41 [SERVER] [INFO] Saving chunks for level 'Dev_World'/Nether
2014-01-17 06:45:41 [SERVER] [INFO] Saving chunks for level 'Dev_World'/The End
2014-01-17 06:45:42 [SERVER] [INFO] Stopping server
2014-01-17 06:45:42 [SERVER] [INFO] Saving players
2014-01-17 06:45:42 [SERVER] [INFO] Player234 left the game
2014-01-17 06:45:42 [SERVER] [INFO] Saving worlds
2014-01-17 06:45:42 [SERVER] [INFO] Saving chunks for level 'Dev_World'/Overworld
2014-01-17 06:45:42 [SERVER] [INFO] Saving chunks for level 'Dev_World'/Nether
2014-01-17 06:45:42 [SERVER] [INFO] Saving chunks for level 'Dev_World'/The End
2014-01-17 06:46:26 [SERVER] [INFO] Starting integrated minecraft server version 1.6.4
2014-01-17 06:46:26 [SERVER] [INFO] Generating keypair
2014-01-17 06:46:31 [SERVER] [INFO] Preparing start region for level 0
2014-01-17 06:46:32 [SERVER] [INFO] Preparing spawn area: 57%
2014-01-17 06:46:33 [SERVER] [INFO] Player444[/127.0.0.1:0] logged in with entity id 47 at (491.8825161962157, 4.0, -1447.4927767764182)
2014-01-17 06:46:33 [SERVER] [INFO] Player444 joined the game
2014-01-17 06:48:05 [SERVER] [INFO] Saving and pausing game...
2014-01-17 06:48:05 [SERVER] [INFO] Saving chunks for level 'Dev_World'/Overworld
2014-01-17 06:48:05 [SERVER] [INFO] Saving chunks for level 'Dev_World'/Nether
2014-01-17 06:48:05 [SERVER] [INFO] Saving chunks for level 'Dev_World'/The End
2014-01-17 06:48:06 [SERVER] [INFO] Stopping server
2014-01-17 06:48:06 [SERVER] [INFO] Saving players
2014-01-17 06:48:06 [SERVER] [INFO] Player444 left the game
2014-01-17 06:48:06 [SERVER] [INFO] Saving worlds
2014-01-17 06:48:06 [SERVER] [INFO] Saving chunks for level 'Dev_World'/Overworld
2014-01-17 06:48:06 [SERVER] [INFO] Saving chunks for level 'Dev_World'/Nether
2014-01-17 06:48:06 [SERVER] [INFO] Saving chunks for level 'Dev_World'/The End
2014-01-17 06:48:59 [SERVER] [INFO] Starting integrated minecraft server version 1.6.4
2014-01-17 06:48:59 [SERVER] [INFO] Generating keypair
2014-01-17 06:49:00 [SERVER] [INFO] Preparing start region for level 0
2014-01-17 06:49:01 [SERVER] [INFO] Preparing spawn area: 29%
2014-01-17 06:49:02 [SERVER] [INFO] Player534[/127.0.0.1:0] logged in with entity id 46 at (485.99768607603204, 4.0, -1444.170380513143)
2014-01-17 06:49:02 [SERVER] [INFO] Player534 joined the game
2014-01-17 06:49:08 [SERVER] [INFO] Saving and pausing game...
2014-01-17 06:49:08 [SERVER] [INFO] Saving chunks for level 'Dev_World'/Overworld
2014-01-17 06:49:08 [SERVER] [INFO] Saving chunks for level 'Dev_World'/Nether
2014-01-17 06:49:08 [SERVER] [INFO] Saving chunks for level 'Dev_World'/The End
2014-01-17 09:53:47 [SERVER] [INFO] Saving and pausing game...
2014-01-17 09:53:47 [SERVER] [INFO] Saving chunks for level 'Dev_World'/Overworld
2014-01-17 09:53:47 [SERVER] [INFO] Saving chunks for level 'Dev_World'/Nether
2014-01-17 09:53:47 [SERVER] [INFO] Saving chunks for level 'Dev_World'/The End
2014-01-17 09:53:48 [SERVER] [INFO] Stopping server
2014-01-17 09:53:48 [SERVER] [INFO] Saving players
2014-01-17 09:53:48 [SERVER] [INFO] Player534 left the game
2014-01-17 09:53:48 [SERVER] [INFO] Saving worlds
2014-01-17 09:53:48 [SERVER] [INFO] Saving chunks for level 'Dev_World'/Overworld
2014-01-17 09:53:48 [SERVER] [INFO] Saving chunks for level 'Dev_World'/Nether
2014-01-17 09:53:48 [SERVER] [INFO] Saving chunks for level 'Dev_World'/The End
2014-01-17 09:57:56 [SERVER] [INFO] Starting integrated minecraft server version 1.6.4
2014-01-17 09:57:56 [SERVER] [INFO] Generating keypair
2014-01-17 09:57:56 [SERVER] [INFO] Preparing start region for level 0
2014-01-17 09:57:57 [SERVER] [INFO] Preparing spawn area: 17%
2014-01-17 09:57:59 [SERVER] [INFO] Preparing spawn area: 93%
2014-01-17 09:57:59 [SERVER] [INFO] Player608[/127.0.0.1:0] logged in with entity id 66 at (476.35015109958636, 4.0, -1433.0359097887865)
2014-01-17 09:57:59 [SERVER] [INFO] Player608 joined the game
2014-01-17 09:58:27 [SERVER] [INFO] Saving and pausing game...
2014-01-17 09:58:27 [SERVER] [INFO] Saving chunks for level 'Dev_World'/Overworld
2014-01-17 09:58:27 [SERVER] [INFO] Saving chunks for level 'Dev_World'/Nether
2014-01-17 09:58:27 [SERVER] [INFO] Saving chunks for level 'Dev_World'/The End
2014-01-17 09:58:27 [SERVER] [INFO] Stopping server
2014-01-17 09:58:27 [SERVER] [INFO] Saving players
2014-01-17 09:58:27 [SERVER] [INFO] Player608 left the game
2014-01-17 09:58:27 [SERVER] [INFO] Saving worlds
2014-01-17 09:58:27 [SERVER] [INFO] Saving chunks for level 'Dev_World'/Overworld
2014-01-17 09:58:27 [SERVER] [INFO] Saving chunks for level 'Dev_World'/Nether
2014-01-17 09:58:27 [SERVER] [INFO] Saving chunks for level 'Dev_World'/The End
2014-01-17 10:08:49 [SERVER] [INFO] Starting integrated minecraft server version 1.6.4
2014-01-17 10:08:49 [SERVER] [INFO] Generating keypair
2014-01-17 10:08:50 [SERVER] [INFO] Preparing start region for level 0
2014-01-17 10:08:51 [SERVER] [INFO] Preparing spawn area: 57%
2014-01-17 10:08:52 [SERVER] [INFO] Player340[/127.0.0.1:0] logged in with entity id 69 at (474.55732086542196, 4.0, -1434.2323040310077)
2014-01-17 10:08:52 [SERVER] [INFO] Player340 joined the game
2014-01-17 10:09:31 [SERVER] [INFO] Saving and pausing game...
2014-01-17 10:09:31 [SERVER] [INFO] Saving chunks for level 'Dev_World'/Overworld
2014-01-17 10:09:31 [SERVER] [INFO] Saving chunks for level 'Dev_World'/Nether
2014-01-17 10:09:31 [SERVER] [INFO] Saving chunks for level 'Dev_World'/The End
2014-01-17 10:09:32 [SERVER] [INFO] Player340 lost connection: disconnect.quitting
2014-01-17 10:09:32 [SERVER] [INFO] Player340 left the game
2014-01-17 10:09:32 [SERVER] [INFO] Stopping singleplayer server as player logged out
2014-01-17 10:09:32 [SERVER] [INFO] Stopping server
2014-01-17 10:09:32 [SERVER] [INFO] Saving players
2014-01-17 10:09:32 [SERVER] [INFO] Saving worlds
2014-01-17 10:09:32 [SERVER] [INFO] Saving chunks for level 'Dev_World'/Overworld
2014-01-17 10:09:32 [SERVER] [INFO] Saving chunks for level 'Dev_World'/Nether
2014-01-17 10:09:32 [SERVER] [INFO] Saving chunks for level 'Dev_World'/The End
2014-01-17 10:25:55 [SERVER] [INFO] Starting integrated minecraft server version 1.6.4
2014-01-17 10:25:55 [SERVER] [INFO] Generating keypair
2014-01-17 10:25:56 [SERVER] [INFO] Preparing start region for level 0
2014-01-17 10:25:57 [SERVER] [INFO] Preparing spawn area: 56%
2014-01-17 10:25:58 [SERVER] [INFO] Player714[/127.0.0.1:0] logged in with entity id 69 at (477.7757056034055, 4.0, -1431.9134053544142)
2014-01-17 10:25:58 [SERVER] [INFO] Player714 joined the game
2014-01-17 10:35:27 [SERVER] [INFO] Saving and pausing game...
2014-01-17 10:35:27 [SERVER] [INFO] Saving chunks for level 'Dev_World'/Overworld
2014-01-17 10:35:27 [SERVER] [INFO] Saving chunks for level 'Dev_World'/Nether
2014-01-17 10:35:27 [SERVER] [INFO] Saving chunks for level 'Dev_World'/The End
2014-01-17 10:35:27 [SERVER] [INFO] Player714 lost connection: disconnect.quitting
2014-01-17 10:35:27 [SERVER] [INFO] Player714 left the game
2014-01-17 10:35:27 [SERVER] [INFO] Stopping singleplayer server as player logged out
2014-01-17 10:35:27 [SERVER] [INFO] Stopping server
2014-01-17 10:35:27 [SERVER] [INFO] Saving players
2014-01-17 10:35:27 [SERVER] [INFO] Saving worlds
2014-01-17 10:35:27 [SERVER] [INFO] Saving chunks for level 'Dev_World'/Overworld
2014-01-17 10:35:27 [SERVER] [INFO] Saving chunks for level 'Dev_World'/Nether
2014-01-17 10:35:27 [SERVER] [INFO] Saving chunks for level 'Dev_World'/The End
2014-01-17 10:37:56 [SERVER] [INFO] Starting integrated minecraft server version 1.6.4
2014-01-17 10:37:56 [SERVER] [INFO] Generating keypair
2014-01-17 10:37:57 [SERVER] [INFO] Preparing start region for level 0
2014-01-17 10:37:58 [SERVER] [INFO] Preparing spawn area: 51%
2014-01-17 10:37:59 [SERVER] [INFO] Player846[/127.0.0.1:0] logged in with entity id 118 at (475.1491537604806, 4.0, -1433.8374801687557)
2014-01-17 10:37:59 [SERVER] [INFO] Player846 joined the game
2014-01-17 10:38:04 [SERVER] [WARNING] Can't keep up! Did the system time change, or is the server overloaded?
2014-01-17 10:38:12 [SERVER] [INFO] Saving and pausing game...
2014-01-17 10:38:12 [SERVER] [INFO] Saving chunks for level 'Dev_World'/Overworld
2014-01-17 10:38:12 [SERVER] [INFO] Saving chunks for level 'Dev_World'/Nether
2014-01-17 10:38:12 [SERVER] [INFO] Saving chunks for level 'Dev_World'/The End
2014-01-17 10:38:17 [SERVER] [INFO] [Player846: Toggled downfall]
2014-01-17 10:39:41 [SERVER] [INFO] Saving and pausing game...
2014-01-17 10:39:41 [SERVER] [INFO] Saving chunks for level 'Dev_World'/Overworld
2014-01-17 10:39:41 [SERVER] [INFO] Saving chunks for level 'Dev_World'/Nether
2014-01-17 10:39:41 [SERVER] [INFO] Saving chunks for level 'Dev_World'/The End
2014-01-17 10:39:47 [SERVER] [INFO] Saving and pausing game...
2014-01-17 10:39:47 [SERVER] [INFO] Saving chunks for level 'Dev_World'/Overworld
2014-01-17 10:39:47 [SERVER] [INFO] Saving chunks for level 'Dev_World'/Nether
2014-01-17 10:39:47 [SERVER] [INFO] Saving chunks for level 'Dev_World'/The End
2014-01-17 10:39:53 [SERVER] [INFO] Saving and pausing game...
2014-01-17 10:39:53 [SERVER] [INFO] Saving chunks for level 'Dev_World'/Overworld
2014-01-17 10:39:53 [SERVER] [INFO] Saving chunks for level 'Dev_World'/Nether
2014-01-17 10:39:53 [SERVER] [INFO] Saving chunks for level 'Dev_World'/The End
2014-01-17 10:39:57 [SERVER] [INFO] Saving and pausing game...
2014-01-17 10:39:57 [SERVER] [INFO] Saving chunks for level 'Dev_World'/Overworld
2014-01-17 10:39:57 [SERVER] [INFO] Saving chunks for level 'Dev_World'/Nether
2014-01-17 10:39:57 [SERVER] [INFO] Saving chunks for level 'Dev_World'/The End
2014-01-17 10:40:03 [SERVER] [INFO] Saving and pausing game...
2014-01-17 10:40:03 [SERVER] [INFO] Saving chunks for level 'Dev_World'/Overworld
2014-01-17 10:40:03 [SERVER] [INFO] Saving chunks for level 'Dev_World'/Nether
2014-01-17 10:40:03 [SERVER] [INFO] Saving chunks for level 'Dev_World'/The End
2014-01-17 10:40:11 [SERVER] [INFO] Saving and pausing game...
2014-01-17 10:40:11 [SERVER] [INFO] Saving chunks for level 'Dev_World'/Overworld
2014-01-17 10:40:11 [SERVER] [INFO] Saving chunks for level 'Dev_World'/Nether
2014-01-17 10:40:11 [SERVER] [INFO] Saving chunks for level 'Dev_World'/The End
2014-01-17 10:40:17 [SERVER] [INFO] Saving and pausing game...
2014-01-17 10:40:17 [SERVER] [INFO] Saving chunks for level 'Dev_World'/Overworld
2014-01-17 10:40:17 [SERVER] [INFO] Saving chunks for level 'Dev_World'/Nether
2014-01-17 10:40:17 [SERVER] [INFO] Saving chunks for level 'Dev_World'/The End
2014-01-17 10:40:22 [SERVER] [INFO] Saving and pausing game...
2014-01-17 10:40:22 [SERVER] [INFO] Saving chunks for level 'Dev_World'/Overworld
2014-01-17 10:40:22 [SERVER] [INFO] Saving chunks for level 'Dev_World'/Nether
2014-01-17 10:40:22 [SERVER] [INFO] Saving chunks for level 'Dev_World'/The End
2014-01-17 10:40:58 [SERVER] [INFO] Saving and pausing game...
2014-01-17 10:40:58 [SERVER] [INFO] Saving chunks for level 'Dev_World'/Overworld
2014-01-17 10:40:58 [SERVER] [INFO] Saving chunks for level 'Dev_World'/Nether
2014-01-17 10:40:58 [SERVER] [INFO] Saving chunks for level 'Dev_World'/The End
2014-01-17 10:41:03 [SERVER] [INFO] Saving and pausing game...
2014-01-17 10:41:03 [SERVER] [INFO] Saving chunks for level 'Dev_World'/Overworld
2014-01-17 10:41:03 [SERVER] [INFO] Saving chunks for level 'Dev_World'/Nether
2014-01-17 10:41:03 [SERVER] [INFO] Saving chunks for level 'Dev_World'/The End
2014-01-17 10:41:08 [SERVER] [INFO] Saving and pausing game...
2014-01-17 10:41:08 [SERVER] [INFO] Saving chunks for level 'Dev_World'/Overworld
2014-01-17 10:41:08 [SERVER] [INFO] Saving chunks for level 'Dev_World'/Nether
2014-01-17 10:41:08 [SERVER] [INFO] Saving chunks for level 'Dev_World'/The End
2014-01-17 10:41:50 [SERVER] [INFO] Saving and pausing game...
2014-01-17 10:41:50 [SERVER] [INFO] Saving chunks for level 'Dev_World'/Overworld
2014-01-17 10:41:50 [SERVER] [INFO] Saving chunks for level 'Dev_World'/Nether
2014-01-17 10:41:50 [SERVER] [INFO] Saving chunks for level 'Dev_World'/The End
2014-01-17 10:42:40 [SERVER] [INFO] Saving and pausing game...
2014-01-17 10:42:40 [SERVER] [INFO] Saving chunks for level 'Dev_World'/Overworld
2014-01-17 10:42:40 [SERVER] [INFO] Saving chunks for level 'Dev_World'/Nether
2014-01-17 10:42:40 [SERVER] [INFO] Saving chunks for level 'Dev_World'/The End
2014-01-17 10:42:45 [SERVER] [INFO] Saving and pausing game...
2014-01-17 10:42:45 [SERVER] [INFO] Saving chunks for level 'Dev_World'/Overworld
2014-01-17 10:42:45 [SERVER] [INFO] Saving chunks for level 'Dev_World'/Nether
2014-01-17 10:42:45 [SERVER] [INFO] Saving chunks for level 'Dev_World'/The End
2014-01-17 10:42:52 [SERVER] [INFO] Saving and pausing game...
2014-01-17 10:42:52 [SERVER] [INFO] Saving chunks for level 'Dev_World'/Overworld
2014-01-17 10:42:52 [SERVER] [INFO] Saving chunks for level 'Dev_World'/Nether
2014-01-17 10:42:52 [SERVER] [INFO] Saving chunks for level 'Dev_World'/The End
2014-01-17 10:43:06 [SERVER] [INFO] Saving and pausing game...
2014-01-17 10:43:06 [SERVER] [INFO] Saving chunks for level 'Dev_World'/Overworld
2014-01-17 10:43:06 [SERVER] [INFO] Saving chunks for level 'Dev_World'/Nether
2014-01-17 10:43:06 [SERVER] [INFO] Saving chunks for level 'Dev_World'/The End
2014-01-17 10:43:22 [SERVER] [INFO] Saving and pausing game...
2014-01-17 10:43:22 [SERVER] [INFO] Saving chunks for level 'Dev_World'/Overworld
2014-01-17 10:43:22 [SERVER] [INFO] Saving chunks for level 'Dev_World'/Nether
2014-01-17 10:43:22 [SERVER] [INFO] Saving chunks for level 'Dev_World'/The End
2014-01-17 10:43:22 [SERVER] [INFO] Stopping server
2014-01-17 10:43:22 [SERVER] [INFO] Saving players
2014-01-17 10:43:22 [SERVER] [INFO] Player846 left the game
2014-01-17 10:43:23 [SERVER] [INFO] Saving worlds
2014-01-17 10:43:23 [SERVER] [INFO] Saving chunks for level 'Dev_World'/Overworld
2014-01-17 10:43:23 [SERVER] [INFO] Saving chunks for level 'Dev_World'/Nether
2014-01-17 10:43:23 [SERVER] [INFO] Saving chunks for level 'Dev_World'/The End
2014-01-17 10:48:22 [SERVER] [INFO] Starting integrated minecraft server version 1.6.4
2014-01-17 10:48:22 [SERVER] [INFO] Generating keypair
2014-01-17 10:48:23 [SERVER] [INFO] Preparing start region for level 0
2014-01-17 10:48:24 [SERVER] [INFO] Preparing spawn area: 56%
2014-01-17 10:48:25 [SERVER] [INFO] Player858[/127.0.0.1:0] logged in with entity id 96 at (474.21813207169055, 4.0, -1433.8701955060342)
2014-01-17 10:48:25 [SERVER] [INFO] Player858 joined the game
2014-01-17 10:49:09 [SERVER] [INFO] Saving and pausing game...
2014-01-17 10:49:09 [SERVER] [INFO] Saving chunks for level 'Dev_World'/Overworld
2014-01-17 10:49:09 [SERVER] [INFO] Saving chunks for level 'Dev_World'/Nether
2014-01-17 10:49:09 [SERVER] [INFO] Saving chunks for level 'Dev_World'/The End
2014-01-17 10:51:23 [SERVER] [INFO] Stopping server
2014-01-17 10:51:23 [SERVER] [INFO] Saving players
2014-01-17 10:51:23 [SERVER] [INFO] Player858 left the game
2014-01-17 10:51:23 [SERVER] [INFO] Saving worlds
2014-01-17 10:51:23 [SERVER] [INFO] Saving chunks for level 'Dev_World'/Overworld
2014-01-17 10:51:23 [SERVER] [INFO] Saving chunks for level 'Dev_World'/Nether
2014-01-17 10:51:23 [SERVER] [INFO] Saving chunks for level 'Dev_World'/The End
2014-01-17 10:55:47 [SERVER] [INFO] Starting integrated minecraft server version 1.6.4
2014-01-17 10:55:47 [SERVER] [INFO] Generating keypair
2014-01-17 10:55:48 [SERVER] [INFO] Preparing start region for level 0
2014-01-17 10:55:49 [SERVER] [INFO] Preparing spawn area: 57%
2014-01-17 10:55:50 [SERVER] [INFO] Player413[/127.0.0.1:0] logged in with entity id 102 at (474.8225828781793, 4.0, -1433.9597338506678)
2014-01-17 10:55:50 [SERVER] [INFO] Player413 joined the game
2014-01-17 11:00:11 [SERVER] [INFO] Saving and pausing game...
2014-01-17 11:00:11 [SERVER] [INFO] Saving chunks for level 'Dev_World'/Overworld
2014-01-17 11:00:11 [SERVER] [INFO] Saving chunks for level 'Dev_World'/Nether
2014-01-17 11:00:11 [SERVER] [INFO] Saving chunks for level 'Dev_World'/The End
2014-01-17 11:00:21 [SERVER] [INFO] Saving and pausing game...
2014-01-17 11:00:21 [SERVER] [INFO] Saving chunks for level 'Dev_World'/Overworld
2014-01-17 11:00:21 [SERVER] [INFO] Saving chunks for level 'Dev_World'/Nether
2014-01-17 11:00:21 [SERVER] [INFO] Saving chunks for level 'Dev_World'/The End
2014-01-17 11:00:26 [SERVER] [INFO] Saving and pausing game...
2014-01-17 11:00:26 [SERVER] [INFO] Saving chunks for level 'Dev_World'/Overworld
2014-01-17 11:00:26 [SERVER] [INFO] Saving chunks for level 'Dev_World'/Nether
2014-01-17 11:00:26 [SERVER] [INFO] Saving chunks for level 'Dev_World'/The End
2014-01-17 11:00:33 [SERVER] [INFO] Saving and pausing game...
2014-01-17 11:00:33 [SERVER] [INFO] Saving chunks for level 'Dev_World'/Overworld
2014-01-17 11:00:33 [SERVER] [INFO] Saving chunks for level 'Dev_World'/Nether
2014-01-17 11:00:33 [SERVER] [INFO] Saving chunks for level 'Dev_World'/The End
2014-01-17 11:00:40 [SERVER] [INFO] Saving and pausing game...
2014-01-17 11:00:40 [SERVER] [INFO] Saving chunks for level 'Dev_World'/Overworld
2014-01-17 11:00:40 [SERVER] [INFO] Saving chunks for level 'Dev_World'/Nether
2014-01-17 11:00:40 [SERVER] [INFO] Saving chunks for level 'Dev_World'/The End
2014-01-17 11:00:46 [SERVER] [INFO] Saving and pausing game...
2014-01-17 11:00:46 [SERVER] [INFO] Saving chunks for level 'Dev_World'/Overworld
2014-01-17 11:00:46 [SERVER] [INFO] Saving chunks for level 'Dev_World'/Nether
2014-01-17 11:00:46 [SERVER] [INFO] Saving chunks for level 'Dev_World'/The End
2014-01-17 11:00:55 [SERVER] [INFO] Saving and pausing game...
2014-01-17 11:00:55 [SERVER] [INFO] Saving chunks for level 'Dev_World'/Overworld
2014-01-17 11:00:55 [SERVER] [INFO] Saving chunks for level 'Dev_World'/Nether
2014-01-17 11:00:55 [SERVER] [INFO] Saving chunks for level 'Dev_World'/The End
2014-01-17 11:01:02 [SERVER] [INFO] Saving and pausing game...
2014-01-17 11:01:02 [SERVER] [INFO] Saving chunks for level 'Dev_World'/Overworld
2014-01-17 11:01:02 [SERVER] [INFO] Saving chunks for level 'Dev_World'/Nether
2014-01-17 11:01:02 [SERVER] [INFO] Saving chunks for level 'Dev_World'/The End
2014-01-17 11:01:09 [SERVER] [INFO] Saving and pausing game...
2014-01-17 11:01:09 [SERVER] [INFO] Saving chunks for level 'Dev_World'/Overworld
2014-01-17 11:01:09 [SERVER] [INFO] Saving chunks for level 'Dev_World'/Nether
2014-01-17 11:01:09 [SERVER] [INFO] Saving chunks for level 'Dev_World'/The End
2014-01-17 11:01:17 [SERVER] [INFO] Saving and pausing game...
2014-01-17 11:01:17 [SERVER] [INFO] Saving chunks for level 'Dev_World'/Overworld
2014-01-17 11:01:17 [SERVER] [INFO] Saving chunks for level 'Dev_World'/Nether
2014-01-17 11:01:17 [SERVER] [INFO] Saving chunks for level 'Dev_World'/The End
2014-01-17 11:01:25 [SERVER] [INFO] Saving and pausing game...
2014-01-17 11:01:25 [SERVER] [INFO] Saving chunks for level 'Dev_World'/Overworld
2014-01-17 11:01:25 [SERVER] [INFO] Saving chunks for level 'Dev_World'/Nether
2014-01-17 11:01:25 [SERVER] [INFO] Saving chunks for level 'Dev_World'/The End
2014-01-17 11:01:32 [SERVER] [INFO] Saving and pausing game...
2014-01-17 11:01:32 [SERVER] [INFO] Saving chunks for level 'Dev_World'/Overworld
2014-01-17 11:01:32 [SERVER] [INFO] Saving chunks for level 'Dev_World'/Nether
2014-01-17 11:01:32 [SERVER] [INFO] Saving chunks for level 'Dev_World'/The End
2014-01-17 11:01:40 [SERVER] [INFO] Saving and pausing game...
2014-01-17 11:01:40 [SERVER] [INFO] Saving chunks for level 'Dev_World'/Overworld
2014-01-17 11:01:40 [SERVER] [INFO] Saving chunks for level 'Dev_World'/Nether
2014-01-17 11:01:40 [SERVER] [INFO] Saving chunks for level 'Dev_World'/The End
2014-01-17 11:01:55 [SERVER] [INFO] Saving and pausing game...
2014-01-17 11:01:55 [SERVER] [INFO] Saving chunks for level 'Dev_World'/Overworld
2014-01-17 11:01:55 [SERVER] [INFO] Saving chunks for level 'Dev_World'/Nether
2014-01-17 11:01:55 [SERVER] [INFO] Saving chunks for level 'Dev_World'/The End
2014-01-17 11:02:01 [SERVER] [INFO] Stopping server
2014-01-17 11:02:01 [SERVER] [INFO] Saving players
2014-01-17 11:02:01 [SERVER] [INFO] Player413 left the game
2014-01-17 11:02:01 [SERVER] [INFO] Saving worlds
2014-01-17 11:02:01 [SERVER] [INFO] Saving chunks for level 'Dev_World'/Overworld
2014-01-17 11:02:01 [SERVER] [INFO] Saving chunks for level 'Dev_World'/Nether
2014-01-17 11:02:01 [SERVER] [INFO] Saving chunks for level 'Dev_World'/The End
2014-01-17 11:10:12 [SERVER] [INFO] Starting integrated minecraft server version 1.6.4
2014-01-17 11:10:12 [SERVER] [INFO] Generating keypair
2014-01-17 11:10:17 [SERVER] [INFO] Preparing start region for level 0
2014-01-17 11:10:18 [SERVER] [INFO] Preparing spawn area: 24%
2014-01-17 11:10:19 [SERVER] [INFO] Preparing spawn area: 93%
2014-01-17 11:10:19 [SERVER] [INFO] Player52[/127.0.0.1:0] logged in with entity id 87 at (477.49055408657637, 4.0, -1432.699446703275)
2014-01-17 11:10:20 [SERVER] [INFO] Player52 joined the game
2014-01-17 11:12:05 [SERVER] [INFO] Saving and pausing game...
2014-01-17 11:12:05 [SERVER] [INFO] Saving chunks for level 'Dev_World'/Overworld
2014-01-17 11:12:05 [SERVER] [INFO] Saving chunks for level 'Dev_World'/Nether
2014-01-17 11:12:05 [SERVER] [INFO] Saving chunks for level 'Dev_World'/The End
2014-01-17 11:12:06 [SERVER] [INFO] Stopping server
2014-01-17 11:12:06 [SERVER] [INFO] Saving players
2014-01-17 11:12:06 [SERVER] [INFO] Player52 left the game
2014-01-17 11:12:06 [SERVER] [INFO] Saving worlds
2014-01-17 11:12:06 [SERVER] [INFO] Saving chunks for level 'Dev_World'/Overworld
2014-01-17 11:12:06 [SERVER] [INFO] Saving chunks for level 'Dev_World'/Nether
2014-01-17 11:12:06 [SERVER] [INFO] Saving chunks for level 'Dev_World'/The End
2014-01-17 11:16:11 [SERVER] [INFO] Starting integrated minecraft server version 1.6.4
2014-01-17 11:16:11 [SERVER] [INFO] Generating keypair
2014-01-17 11:16:12 [SERVER] [INFO] Preparing start region for level 0
2014-01-17 11:16:13 [SERVER] [INFO] Preparing spawn area: 47%
2014-01-17 11:16:14 [SERVER] [INFO] Player948[/127.0.0.1:0] logged in with entity id 89 at (474.64127418687406, 4.0, -1434.0976338326675)
2014-01-17 11:16:14 [SERVER] [INFO] Player948 joined the game
2014-01-17 11:16:24 [SERVER] [INFO] [Player948: Set the time to 0]
2014-01-17 11:16:59 [SERVER] [INFO] Saving and pausing game...
2014-01-17 11:16:59 [SERVER] [INFO] Saving chunks for level 'Dev_World'/Overworld
2014-01-17 11:16:59 [SERVER] [INFO] Saving chunks for level 'Dev_World'/Nether
2014-01-17 11:16:59 [SERVER] [INFO] Saving chunks for level 'Dev_World'/The End
2014-01-17 11:17:01 [SERVER] [INFO] Stopping server
2014-01-17 11:17:01 [SERVER] [INFO] Saving players
2014-01-17 11:17:01 [SERVER] [INFO] Player948 left the game
2014-01-17 11:17:01 [SERVER] [INFO] Saving worlds
2014-01-17 11:17:01 [SERVER] [INFO] Saving chunks for level 'Dev_World'/Overworld
2014-01-17 11:17:01 [SERVER] [INFO] Saving chunks for level 'Dev_World'/Nether
2014-01-17 11:17:01 [SERVER] [INFO] Saving chunks for level 'Dev_World'/The End
2014-01-17 11:19:13 [SERVER] [INFO] Starting integrated minecraft server version 1.6.4
2014-01-17 11:19:13 [SERVER] [INFO] Generating keypair
2014-01-17 11:19:17 [SERVER] [INFO] Preparing start region for level 0
2014-01-17 11:19:18 [SERVER] [INFO] Preparing spawn area: 48%
2014-01-17 11:19:19 [SERVER] [INFO] Player135[/127.0.0.1:0] logged in with entity id 107 at (475.0560536678779, 4.0, -1434.434218898113)
2014-01-17 11:19:19 [SERVER] [INFO] Player135 joined the game
2014-01-17 11:19:31 [SERVER] [INFO] Saving and pausing game...
2014-01-17 11:19:31 [SERVER] [INFO] Saving chunks for level 'Dev_World'/Overworld
2014-01-17 11:19:31 [SERVER] [INFO] Saving chunks for level 'Dev_World'/Nether
2014-01-17 11:19:31 [SERVER] [INFO] Saving chunks for level 'Dev_World'/The End
2014-01-17 11:19:32 [SERVER] [INFO] Stopping server
2014-01-17 11:19:32 [SERVER] [INFO] Saving players
2014-01-17 11:19:32 [SERVER] [INFO] Player135 left the game
2014-01-17 11:19:32 [SERVER] [INFO] Saving worlds
2014-01-17 11:19:32 [SERVER] [INFO] Saving chunks for level 'Dev_World'/Overworld
2014-01-17 11:19:32 [SERVER] [INFO] Saving chunks for level 'Dev_World'/Nether
2014-01-17 11:19:32 [SERVER] [INFO] Saving chunks for level 'Dev_World'/The End
2014-01-17 11:31:56 [SERVER] [INFO] Starting integrated minecraft server version 1.6.4
2014-01-17 11:31:56 [SERVER] [INFO] Generating keypair
2014-01-17 11:31:58 [SERVER] [INFO] Preparing start region for level 0
2014-01-17 11:31:59 [SERVER] [INFO] Preparing spawn area: 57%
2014-01-17 11:32:00 [SERVER] [INFO] Player611[/127.0.0.1:0] logged in with entity id 108 at (475.3066971359334, 4.0, -1433.8044335909417)
2014-01-17 11:32:00 [SERVER] [INFO] Player611 joined the game
2014-01-17 11:33:10 [SERVER] [INFO] Saving and pausing game...
2014-01-17 11:33:10 [SERVER] [INFO] Saving chunks for level 'Dev_World'/Overworld
2014-01-17 11:33:11 [SERVER] [INFO] Saving chunks for level 'Dev_World'/Nether
2014-01-17 11:33:11 [SERVER] [INFO] Saving chunks for level 'Dev_World'/The End
2014-01-17 11:33:11 [SERVER] [INFO] Stopping server
2014-01-17 11:33:11 [SERVER] [INFO] Saving players
2014-01-17 11:33:11 [SERVER] [INFO] Player611 left the game
2014-01-17 11:33:11 [SERVER] [INFO] Saving worlds
2014-01-17 11:33:11 [SERVER] [INFO] Saving chunks for level 'Dev_World'/Overworld
2014-01-17 11:33:11 [SERVER] [INFO] Saving chunks for level 'Dev_World'/Nether
2014-01-17 11:33:11 [SERVER] [INFO] Saving chunks for level 'Dev_World'/The End
2014-01-17 11:34:52 [SERVER] [INFO] Starting integrated minecraft server version 1.6.4
2014-01-17 11:34:52 [SERVER] [INFO] Generating keypair
2014-01-17 11:34:54 [SERVER] [INFO] Preparing start region for level 0
2014-01-17 11:34:55 [SERVER] [INFO] Preparing spawn area: 48%
2014-01-17 11:34:56 [SERVER] [INFO] Player768[/127.0.0.1:0] logged in with entity id 103 at (477.1713234003785, 5.386218485201403, -1433.9157254639479)
2014-01-17 11:34:56 [SERVER] [INFO] Player768 joined the game
2014-01-17 11:35:50 [SERVER] [INFO] Saving and pausing game...
2014-01-17 11:35:50 [SERVER] [INFO] Saving chunks for level 'Dev_World'/Overworld
2014-01-17 11:35:50 [SERVER] [INFO] Saving chunks for level 'Dev_World'/Nether
2014-01-17 11:35:50 [SERVER] [INFO] Saving chunks for level 'Dev_World'/The End
2014-01-17 11:48:10 [SERVER] [INFO] [Player768: Toggled downfall]
2014-01-17 11:48:13 [SERVER] [INFO] [Player768: Set the time to 0]
2014-01-17 11:50:23 [SERVER] [INFO] Saving and pausing game...
2014-01-17 11:50:23 [SERVER] [INFO] Saving chunks for level 'Dev_World'/Overworld
2014-01-17 11:50:23 [SERVER] [INFO] Saving chunks for level 'Dev_World'/Nether
2014-01-17 11:50:23 [SERVER] [INFO] Saving chunks for level 'Dev_World'/The End
2014-01-17 11:51:21 [SERVER] [INFO] Saving and pausing game...
2014-01-17 11:51:21 [SERVER] [INFO] Saving chunks for level 'Dev_World'/Overworld
2014-01-17 11:51:21 [SERVER] [INFO] Saving chunks for level 'Dev_World'/Nether
2014-01-17 11:51:21 [SERVER] [INFO] Saving chunks for level 'Dev_World'/The End
2014-01-17 12:00:02 [SERVER] [INFO] [Player768: Set the time to 0]
2014-01-17 12:44:07 [SERVER] [INFO] Saving and pausing game...
2014-01-17 12:44:07 [SERVER] [INFO] Saving chunks for level 'Dev_World'/Overworld
2014-01-17 12:44:07 [SERVER] [INFO] Saving chunks for level 'Dev_World'/Nether
2014-01-17 12:44:07 [SERVER] [INFO] Saving chunks for level 'Dev_World'/The End
2014-01-17 12:44:11 [SERVER] [INFO] Saving and pausing game...
2014-01-17 12:44:11 [SERVER] [INFO] Saving chunks for level 'Dev_World'/Overworld
2014-01-17 12:44:11 [SERVER] [INFO] Saving chunks for level 'Dev_World'/Nether
2014-01-17 12:44:11 [SERVER] [INFO] Saving chunks for level 'Dev_World'/The End
2014-01-17 12:44:11 [SERVER] [INFO] Stopping server
2014-01-17 12:44:11 [SERVER] [INFO] Saving players
2014-01-17 12:44:11 [SERVER] [INFO] Player768 left the game
2014-01-17 12:44:11 [SERVER] [INFO] Saving worlds
2014-01-17 12:44:11 [SERVER] [INFO] Saving chunks for level 'Dev_World'/Overworld
2014-01-17 12:44:11 [SERVER] [INFO] Saving chunks for level 'Dev_World'/Nether
2014-01-17 12:44:11 [SERVER] [INFO] Saving chunks for level 'Dev_World'/The End
2014-01-17 18:54:12 [SERVER] [INFO] Starting integrated minecraft server version 1.6.4
2014-01-17 18:54:12 [SERVER] [INFO] Generating keypair
2014-01-17 18:54:13 [SERVER] [INFO] Preparing start region for level 0
2014-01-17 18:54:14 [SERVER] [INFO] Preparing spawn area: 52%
2014-01-17 18:54:15 [SERVER] [INFO] Player741[/127.0.0.1:0] logged in with entity id 60 at (482.7422069707419, 9.0, -1429.7342112695467)
2014-01-17 18:54:15 [SERVER] [INFO] Player741 joined the game
2014-01-17 18:57:43 [SERVER] [INFO] Saving and pausing game...
2014-01-17 18:57:43 [SERVER] [INFO] Saving chunks for level 'Dev_World'/Overworld
2014-01-17 18:57:43 [SERVER] [INFO] Saving chunks for level 'Dev_World'/Nether
2014-01-17 18:57:43 [SERVER] [INFO] Saving chunks for level 'Dev_World'/The End
2014-01-17 18:57:43 [SERVER] [INFO] Stopping server
2014-01-17 18:57:43 [SERVER] [INFO] Saving players
2014-01-17 18:57:43 [SERVER] [INFO] Player741 left the game
2014-01-17 18:57:43 [SERVER] [INFO] Saving worlds
2014-01-17 18:57:43 [SERVER] [INFO] Saving chunks for level 'Dev_World'/Overworld
2014-01-17 18:57:43 [SERVER] [INFO] Saving chunks for level 'Dev_World'/Nether
2014-01-17 18:57:43 [SERVER] [INFO] Saving chunks for level 'Dev_World'/The End
2014-01-17 18:58:28 [SERVER] [INFO] Starting integrated minecraft server version 1.6.4
2014-01-17 18:58:28 [SERVER] [INFO] Generating keypair
2014-01-17 18:58:28 [SERVER] [INFO] Preparing start region for level 0
2014-01-17 18:58:29 [SERVER] [INFO] Preparing spawn area: 40%
2014-01-17 18:58:31 [SERVER] [INFO] Player604[/127.0.0.1:0] logged in with entity id 60 at (478.25198535956196, 5.750720885201403, -1431.569009695601)
2014-01-17 18:58:31 [SERVER] [INFO] Player604 joined the game
2014-01-18 01:34:15 [SERVER] [INFO] Saving and pausing game...
2014-01-18 01:34:15 [SERVER] [INFO] Saving chunks for level 'Dev_World'/Overworld
2014-01-18 01:34:15 [SERVER] [INFO] Saving chunks for level 'Dev_World'/Nether
2014-01-18 01:34:15 [SERVER] [INFO] Saving chunks for level 'Dev_World'/The End
2014-01-18 01:34:18 [SERVER] [INFO] Saving and pausing game...
2014-01-18 01:34:18 [SERVER] [INFO] Saving chunks for level 'Dev_World'/Overworld
2014-01-18 01:34:18 [SERVER] [INFO] Saving chunks for level 'Dev_World'/Nether
2014-01-18 01:34:18 [SERVER] [INFO] Saving chunks for level 'Dev_World'/The End
2014-01-18 07:16:17 [SERVER] [INFO] Stopping server
2014-01-18 07:16:17 [SERVER] [INFO] Saving players
2014-01-18 07:16:17 [SERVER] [INFO] Player604 left the game
2014-01-18 07:16:17 [SERVER] [INFO] Saving worlds
2014-01-18 07:16:17 [SERVER] [INFO] Saving chunks for level 'Dev_World'/Overworld
2014-01-18 07:16:17 [SERVER] [INFO] Saving chunks for level 'Dev_World'/Nether
2014-01-18 07:16:17 [SERVER] [INFO] Saving chunks for level 'Dev_World'/The End
2014-01-18 07:33:46 [SERVER] [INFO] Starting integrated minecraft server version 1.6.4
2014-01-18 07:33:46 [SERVER] [INFO] Generating keypair
2014-01-18 07:33:47 [SERVER] [INFO] Preparing start region for level 0
2014-01-18 07:33:48 [SERVER] [INFO] Preparing spawn area: 21%
2014-01-18 07:33:49 [SERVER] [INFO] Preparing spawn area: 88%
2014-01-18 07:33:50 [SERVER] [INFO] Player708[/127.0.0.1:0] logged in with entity id 60 at (478.46418897656065, 4.8955449234701405, -1430.866116238571)
2014-01-18 07:33:50 [SERVER] [INFO] Player708 joined the game
2014-01-18 07:34:14 [SERVER] [INFO] Saving and pausing game...
2014-01-18 07:34:14 [SERVER] [INFO] Saving chunks for level 'Dev_World'/Overworld
2014-01-18 07:34:14 [SERVER] [INFO] Saving chunks for level 'Dev_World'/Nether
2014-01-18 07:34:14 [SERVER] [INFO] Saving chunks for level 'Dev_World'/The End
2014-01-18 07:34:15 [SERVER] [INFO] Stopping server
2014-01-18 07:34:15 [SERVER] [INFO] Saving players
2014-01-18 07:34:15 [SERVER] [INFO] Player708 left the game
2014-01-18 07:34:15 [SERVER] [INFO] Saving worlds
2014-01-18 07:34:15 [SERVER] [INFO] Saving chunks for level 'Dev_World'/Overworld
2014-01-18 07:34:15 [SERVER] [INFO] Saving chunks for level 'Dev_World'/Nether
2014-01-18 07:34:15 [SERVER] [INFO] Saving chunks for level 'Dev_World'/The End
2014-01-18 07:37:31 [SERVER] [INFO] Starting integrated minecraft server version 1.6.4
2014-01-18 07:37:31 [SERVER] [INFO] Generating keypair
2014-01-18 07:37:32 [SERVER] [INFO] Preparing start region for level 0
2014-01-18 07:37:33 [SERVER] [INFO] Preparing spawn area: 32%
2014-01-18 07:37:34 [SERVER] [INFO] Player946[/127.0.0.1:0] logged in with entity id 60 at (476.7468828145251, 4.8955449234701405, -1435.9781463294523)
2014-01-18 07:37:34 [SERVER] [INFO] Player946 joined the game
2014-01-18 07:38:13 [SERVER] [INFO] Saving and pausing game...
2014-01-18 07:38:13 [SERVER] [INFO] Saving chunks for level 'Dev_World'/Overworld
2014-01-18 07:38:13 [SERVER] [INFO] Saving chunks for level 'Dev_World'/Nether
2014-01-18 07:38:13 [SERVER] [INFO] Saving chunks for level 'Dev_World'/The End
2014-01-18 07:38:14 [SERVER] [INFO] Stopping server
2014-01-18 07:38:14 [SERVER] [INFO] Saving players
2014-01-18 07:38:14 [SERVER] [INFO] Player946 left the game
2014-01-18 07:38:14 [SERVER] [INFO] Saving worlds
2014-01-18 07:38:14 [SERVER] [INFO] Saving chunks for level 'Dev_World'/Overworld
2014-01-18 07:38:14 [SERVER] [INFO] Saving chunks for level 'Dev_World'/Nether
2014-01-18 07:38:14 [SERVER] [INFO] Saving chunks for level 'Dev_World'/The End
2014-01-18 07:39:09 [SERVER] [INFO] Starting integrated minecraft server version 1.6.4
2014-01-18 07:39:09 [SERVER] [INFO] Generating keypair
2014-01-18 07:39:10 [SERVER] [INFO] Preparing start region for level 0
2014-01-18 07:39:11 [SERVER] [INFO] Preparing spawn area: 50%
2014-01-18 07:39:12 [SERVER] [INFO] Player709[/127.0.0.1:0] logged in with entity id 60 at (471.0866045804757, 4.0, -1437.664171868335)
2014-01-18 07:39:12 [SERVER] [INFO] Player709 joined the game
2014-01-18 07:39:25 [SERVER] [INFO] Saving and pausing game...
2014-01-18 07:39:25 [SERVER] [INFO] Saving chunks for level 'Dev_World'/Overworld
2014-01-18 07:39:25 [SERVER] [INFO] Saving chunks for level 'Dev_World'/Nether
2014-01-18 07:39:25 [SERVER] [INFO] Saving chunks for level 'Dev_World'/The End
2014-01-18 07:39:26 [SERVER] [INFO] Stopping server
2014-01-18 07:39:26 [SERVER] [INFO] Saving players
2014-01-18 07:39:26 [SERVER] [INFO] Player709 left the game
2014-01-18 07:39:26 [SERVER] [INFO] Saving worlds
2014-01-18 07:39:26 [SERVER] [INFO] Saving chunks for level 'Dev_World'/Overworld
2014-01-18 07:39:26 [SERVER] [INFO] Saving chunks for level 'Dev_World'/Nether
2014-01-18 07:39:26 [SERVER] [INFO] Saving chunks for level 'Dev_World'/The End
2014-01-18 07:41:17 [SERVER] [INFO] Starting integrated minecraft server version 1.6.4
2014-01-18 07:41:17 [SERVER] [INFO] Generating keypair
2014-01-18 07:41:18 [SERVER] [INFO] Preparing start region for level 0
2014-01-18 07:41:19 [SERVER] [INFO] Preparing spawn area: 64%
2014-01-18 07:41:19 [SERVER] [INFO] Player316[/127.0.0.1:0] logged in with entity id 60 at (466.5980436708674, 9.0, -1430.5162821608649)
2014-01-18 07:41:19 [SERVER] [INFO] Player316 joined the game
2014-01-18 07:41:40 [SERVER] [INFO] Saving and pausing game...
2014-01-18 07:41:40 [SERVER] [INFO] Saving chunks for level 'Dev_World'/Overworld
2014-01-18 07:41:40 [SERVER] [INFO] Saving chunks for level 'Dev_World'/Nether
2014-01-18 07:41:40 [SERVER] [INFO] Saving chunks for level 'Dev_World'/The End
2014-01-18 07:42:20 [SERVER] [INFO] Saving and pausing game...
2014-01-18 07:42:20 [SERVER] [INFO] Saving chunks for level 'Dev_World'/Overworld
2014-01-18 07:42:20 [SERVER] [INFO] Saving chunks for level 'Dev_World'/Nether
2014-01-18 07:42:20 [SERVER] [INFO] Saving chunks for level 'Dev_World'/The End
2014-01-18 07:43:03 [SERVER] [INFO] Saving and pausing game...
2014-01-18 07:43:03 [SERVER] [INFO] Saving chunks for level 'Dev_World'/Overworld
2014-01-18 07:43:03 [SERVER] [INFO] Saving chunks for level 'Dev_World'/Nether
2014-01-18 07:43:03 [SERVER] [INFO] Saving chunks for level 'Dev_World'/The End
2014-01-18 07:43:27 [SERVER] [INFO] Saving and pausing game...
2014-01-18 07:43:27 [SERVER] [INFO] Saving chunks for level 'Dev_World'/Overworld
2014-01-18 07:43:27 [SERVER] [INFO] Saving chunks for level 'Dev_World'/Nether
2014-01-18 07:43:27 [SERVER] [INFO] Saving chunks for level 'Dev_World'/The End
2014-01-18 07:43:37 [SERVER] [INFO] Saving and pausing game...
2014-01-18 07:43:37 [SERVER] [INFO] Saving chunks for level 'Dev_World'/Overworld
2014-01-18 07:43:37 [SERVER] [INFO] Saving chunks for level 'Dev_World'/Nether
2014-01-18 07:43:37 [SERVER] [INFO] Saving chunks for level 'Dev_World'/The End
2014-01-18 07:43:38 [SERVER] [INFO] Stopping server
2014-01-18 07:43:38 [SERVER] [INFO] Saving players
2014-01-18 07:43:38 [SERVER] [INFO] Player316 left the game
2014-01-18 07:43:38 [SERVER] [INFO] Saving worlds
2014-01-18 07:43:38 [SERVER] [INFO] Saving chunks for level 'Dev_World'/Overworld
2014-01-18 07:43:38 [SERVER] [INFO] Saving chunks for level 'Dev_World'/Nether
2014-01-18 07:43:38 [SERVER] [INFO] Saving chunks for level 'Dev_World'/The End
2014-01-18 07:46:52 [SERVER] [INFO] Starting integrated minecraft server version 1.6.4
2014-01-18 07:46:52 [SERVER] [INFO] Generating keypair
2014-01-18 07:46:53 [SERVER] [INFO] Preparing start region for level 0
2014-01-18 07:46:54 [SERVER] [INFO] Preparing spawn area: 53%
2014-01-18 07:46:55 [SERVER] [INFO] Player448[/127.0.0.1:0] logged in with entity id 62 at (480.5351137308901, 4.0, -1437.9163738531547)
2014-01-18 07:46:55 [SERVER] [INFO] Player448 joined the game
2014-01-18 07:47:57 [SERVER] [INFO] Saving and pausing game...
2014-01-18 07:47:57 [SERVER] [INFO] Saving chunks for level 'Dev_World'/Overworld
2014-01-18 07:47:57 [SERVER] [INFO] Saving chunks for level 'Dev_World'/Nether
2014-01-18 07:47:57 [SERVER] [INFO] Saving chunks for level 'Dev_World'/The End
2014-01-18 07:49:29 [SERVER] [INFO] Saving and pausing game...
2014-01-18 07:49:29 [SERVER] [INFO] Saving chunks for level 'Dev_World'/Overworld
2014-01-18 07:49:29 [SERVER] [INFO] Saving chunks for level 'Dev_World'/Nether
2014-01-18 07:49:29 [SERVER] [INFO] Saving chunks for level 'Dev_World'/The End
2014-01-18 07:52:29 [SERVER] [INFO] [Player448: Set the time to 0]
2014-01-18 07:56:56 [SERVER] [INFO] Saving and pausing game...
2014-01-18 07:56:56 [SERVER] [INFO] Saving chunks for level 'Dev_World'/Overworld
2014-01-18 07:56:56 [SERVER] [INFO] Saving chunks for level 'Dev_World'/Nether
2014-01-18 07:56:56 [SERVER] [INFO] Saving chunks for level 'Dev_World'/The End
2014-01-18 07:56:57 [SERVER] [INFO] Stopping server
2014-01-18 07:56:57 [SERVER] [INFO] Saving players
2014-01-18 07:56:57 [SERVER] [INFO] Player448 left the game
2014-01-18 07:56:57 [SERVER] [INFO] Saving worlds
2014-01-18 07:56:57 [SERVER] [INFO] Saving chunks for level 'Dev_World'/Overworld
2014-01-18 07:56:57 [SERVER] [INFO] Saving chunks for level 'Dev_World'/Nether
2014-01-18 07:56:57 [SERVER] [INFO] Saving chunks for level 'Dev_World'/The End
2014-01-18 08:17:21 [SERVER] [INFO] Starting integrated minecraft server version 1.6.4
2014-01-18 08:17:21 [SERVER] [INFO] Generating keypair
2014-01-18 08:17:21 [SERVER] [INFO] Converting map!
2014-01-18 08:17:21 [SERVER] [INFO] Scanning folders...
2014-01-18 08:17:21 [SERVER] [INFO] Total conversion count is 0
2014-01-18 08:17:23 [SERVER] [INFO] Preparing start region for level 0
2014-01-18 08:17:24 [SERVER] [INFO] Preparing spawn area: 4%
2014-01-18 08:17:25 [SERVER] [INFO] Preparing spawn area: 6%
2014-01-18 08:17:26 [SERVER] [INFO] Preparing spawn area: 12%
2014-01-18 08:17:27 [SERVER] [INFO] Preparing spawn area: 23%
2014-01-18 08:17:28 [SERVER] [INFO] Preparing spawn area: 36%
2014-01-18 08:17:29 [SERVER] [INFO] Preparing spawn area: 46%
2014-01-18 08:17:30 [SERVER] [INFO] Preparing spawn area: 59%
2014-01-18 08:17:31 [SERVER] [INFO] Preparing spawn area: 73%
2014-01-18 08:17:32 [SERVER] [INFO] Preparing spawn area: 89%
2014-01-18 08:17:33 [SERVER] [INFO] Player757[/127.0.0.1:0] logged in with entity id 259 at (-251.5, 73.0, -98.5)
2014-01-18 08:17:33 [SERVER] [INFO] Player757 joined the game
2014-01-18 08:17:37 [SERVER] [WARNING] Can't keep up! Did the system time change, or is the server overloaded?
2014-01-18 08:23:09 [SERVER] [INFO] [Player757: Set own game mode to Survival Mode]
2014-01-18 08:23:20 [SERVER] [INFO] [Player757: Set own game mode to Creative Mode]
2014-01-18 08:26:09 [SERVER] [INFO] Saving and pausing game...
2014-01-18 08:26:09 [SERVER] [INFO] Saving chunks for level 'Gen_Test'/Overworld
2014-01-18 08:26:09 [SERVER] [INFO] Saving chunks for level 'Gen_Test'/Nether
2014-01-18 08:26:09 [SERVER] [INFO] Saving chunks for level 'Gen_Test'/The End
2014-01-18 08:26:10 [SERVER] [INFO] Stopping server
2014-01-18 08:26:10 [SERVER] [INFO] Saving players
2014-01-18 08:26:10 [SERVER] [INFO] Player757 left the game
2014-01-18 08:26:10 [SERVER] [INFO] Saving worlds
2014-01-18 08:26:10 [SERVER] [INFO] Saving chunks for level 'Gen_Test'/Overworld
2014-01-18 08:26:10 [SERVER] [INFO] Saving chunks for level 'Gen_Test'/Nether
2014-01-18 08:26:10 [SERVER] [INFO] Saving chunks for level 'Gen_Test'/The End
2014-01-18 08:48:19 [SERVER] [INFO] Starting integrated minecraft server version 1.6.4
2014-01-18 08:48:19 [SERVER] [INFO] Generating keypair
2014-01-18 08:48:19 [SERVER] [INFO] Preparing start region for level 0
2014-01-18 08:48:20 [SERVER] [INFO] Preparing spawn area: 35%
2014-01-18 08:48:21 [SERVER] [INFO] Player89[/127.0.0.1:0] logged in with entity id 353 at (-400.30000001192093, 53.0, -14.537596309466384)
2014-01-18 08:48:21 [SERVER] [INFO] Player89 joined the game
2014-01-18 08:48:24 [SERVER] [INFO] Saving and pausing game...
2014-01-18 08:48:24 [SERVER] [INFO] Saving chunks for level 'Gen_Test'/Overworld
2014-01-18 08:48:24 [SERVER] [INFO] Saving chunks for level 'Gen_Test'/Nether
2014-01-18 08:48:24 [SERVER] [INFO] Saving chunks for level 'Gen_Test'/The End
2014-01-18 08:48:35 [SERVER] [INFO] [Player89: Set own game mode to Survival Mode]
2014-01-18 08:49:18 [SERVER] [INFO] [Player89: Set own game mode to Creative Mode]
2014-01-18 08:49:31 [SERVER] [INFO] Saving and pausing game...
2014-01-18 08:49:31 [SERVER] [INFO] Saving chunks for level 'Gen_Test'/Overworld
2014-01-18 08:49:31 [SERVER] [INFO] Saving chunks for level 'Gen_Test'/Nether
2014-01-18 08:49:31 [SERVER] [INFO] Saving chunks for level 'Gen_Test'/The End
2014-01-18 08:49:32 [SERVER] [INFO] Stopping server
2014-01-18 08:49:32 [SERVER] [INFO] Saving players
2014-01-18 08:49:32 [SERVER] [INFO] Player89 left the game
2014-01-18 08:49:32 [SERVER] [INFO] Saving worlds
2014-01-18 08:49:32 [SERVER] [INFO] Saving chunks for level 'Gen_Test'/Overworld
2014-01-18 08:49:32 [SERVER] [INFO] Saving chunks for level 'Gen_Test'/Nether
2014-01-18 08:49:32 [SERVER] [INFO] Saving chunks for level 'Gen_Test'/The End
2014-01-18 08:50:10 [SERVER] [INFO] Starting integrated minecraft server version 1.6.4
2014-01-18 08:50:10 [SERVER] [INFO] Generating keypair
2014-01-18 08:50:11 [SERVER] [INFO] Preparing start region for level 0
2014-01-18 08:50:12 [SERVER] [INFO] Preparing spawn area: 53%
2014-01-18 08:50:13 [SERVER] [INFO] Player954[/127.0.0.1:0] logged in with entity id 286 at (-398.2497383442322, 55.0, -25.534204421858483)
2014-01-18 08:50:13 [SERVER] [INFO] Player954 joined the game
2014-01-18 08:50:15 [SERVER] [WARNING] Can't keep up! Did the system time change, or is the server overloaded?
2014-01-18 08:50:29 [SERVER] [INFO] [Player954: Set own game mode to Survival Mode]
2014-01-18 08:51:57 [SERVER] [INFO] [Player954: Set own game mode to Creative Mode]
2014-01-18 08:52:19 [SERVER] [INFO] [Player954: Set the time to 0]
2014-01-18 08:53:05 [SERVER] [INFO] Saving and pausing game...
2014-01-18 08:53:05 [SERVER] [INFO] Saving chunks for level 'Gen_Test'/Overworld
2014-01-18 08:53:06 [SERVER] [INFO] Saving chunks for level 'Gen_Test'/Nether
2014-01-18 08:53:06 [SERVER] [INFO] Saving chunks for level 'Gen_Test'/The End
2014-01-18 08:53:06 [SERVER] [INFO] Stopping server
2014-01-18 08:53:06 [SERVER] [INFO] Saving players
2014-01-18 08:53:06 [SERVER] [INFO] Player954 left the game
2014-01-18 08:53:06 [SERVER] [INFO] Saving worlds
2014-01-18 08:53:06 [SERVER] [INFO] Saving chunks for level 'Gen_Test'/Overworld
2014-01-18 08:53:06 [SERVER] [INFO] Saving chunks for level 'Gen_Test'/Nether
2014-01-18 08:53:06 [SERVER] [INFO] Saving chunks for level 'Gen_Test'/The End
2014-01-18 09:08:57 [SERVER] [INFO] Starting integrated minecraft server version 1.6.4
2014-01-18 09:08:57 [SERVER] [INFO] Generating keypair
2014-01-18 09:08:57 [SERVER] [INFO] Preparing start region for level 0
2014-01-18 09:08:58 [SERVER] [INFO] Preparing spawn area: 49%
2014-01-18 09:08:59 [SERVER] [INFO] Player61[/127.0.0.1:0] logged in with entity id 92 at (481.6792735374414, 4.0, -1435.4112846762632)
2014-01-18 09:08:59 [SERVER] [INFO] Player61 joined the game
2014-01-18 09:10:26 [SERVER] [INFO] Saving and pausing game...
2014-01-18 09:10:26 [SERVER] [INFO] Saving chunks for level 'Dev_World'/Overworld
2014-01-18 09:10:26 [SERVER] [INFO] Saving chunks for level 'Dev_World'/Nether
2014-01-18 09:10:26 [SERVER] [INFO] Saving chunks for level 'Dev_World'/The End
2014-01-18 09:10:32 [SERVER] [INFO] Saving and pausing game...
2014-01-18 09:10:32 [SERVER] [INFO] Saving chunks for level 'Dev_World'/Overworld
2014-01-18 09:10:33 [SERVER] [INFO] Saving chunks for level 'Dev_World'/Nether
2014-01-18 09:10:33 [SERVER] [INFO] Saving chunks for level 'Dev_World'/The End
2014-01-18 09:16:24 [SERVER] [INFO] [Player61: Set the time to 0]
2014-01-18 09:16:28 [SERVER] [INFO] Saving and pausing game...
2014-01-18 09:16:28 [SERVER] [INFO] Saving chunks for level 'Dev_World'/Overworld
2014-01-18 09:16:28 [SERVER] [INFO] Saving chunks for level 'Dev_World'/Nether
2014-01-18 09:16:28 [SERVER] [INFO] Saving chunks for level 'Dev_World'/The End
2014-01-18 09:16:29 [SERVER] [INFO] Stopping server
2014-01-18 09:16:29 [SERVER] [INFO] Saving players
2014-01-18 09:16:29 [SERVER] [INFO] Player61 left the game
2014-01-18 09:16:29 [SERVER] [INFO] Saving worlds
2014-01-18 09:16:29 [SERVER] [INFO] Saving chunks for level 'Dev_World'/Overworld
2014-01-18 09:16:29 [SERVER] [INFO] Saving chunks for level 'Dev_World'/Nether
2014-01-18 09:16:29 [SERVER] [INFO] Saving chunks for level 'Dev_World'/The End
2014-01-18 09:17:05 [SERVER] [INFO] Starting integrated minecraft server version 1.6.4
2014-01-18 09:17:05 [SERVER] [INFO] Generating keypair
2014-01-18 09:17:06 [SERVER] [INFO] Preparing start region for level 0
2014-01-18 09:17:07 [SERVER] [INFO] Preparing spawn area: 28%
2014-01-18 09:17:08 [SERVER] [INFO] Preparing spawn area: 90%
2014-01-18 09:17:08 [SERVER] [INFO] Player574[/127.0.0.1:0] logged in with entity id 99 at (474.87959093796155, 4.0, -1434.5171680442668)
2014-01-18 09:17:08 [SERVER] [INFO] Player574 joined the game
2014-01-18 09:20:54 [SERVER] [INFO] Saving and pausing game...
2014-01-18 09:20:54 [SERVER] [INFO] Saving chunks for level 'Dev_World'/Overworld
2014-01-18 09:20:54 [SERVER] [INFO] Saving chunks for level 'Dev_World'/Nether
2014-01-18 09:20:54 [SERVER] [INFO] Saving chunks for level 'Dev_World'/The End
2014-01-18 09:21:18 [SERVER] [INFO] Saving and pausing game...
2014-01-18 09:21:18 [SERVER] [INFO] Saving chunks for level 'Dev_World'/Overworld
2014-01-18 09:21:18 [SERVER] [INFO] Saving chunks for level 'Dev_World'/Nether
2014-01-18 09:21:18 [SERVER] [INFO] Saving chunks for level 'Dev_World'/The End
2014-01-18 09:21:42 [SERVER] [INFO] Player574 lost connection: disconnect.quitting
2014-01-18 09:21:42 [SERVER] [INFO] Player574 left the game
2014-01-18 09:21:42 [SERVER] [INFO] Stopping singleplayer server as player logged out
2014-01-18 09:21:42 [SERVER] [INFO] Stopping server
2014-01-18 09:21:42 [SERVER] [INFO] Saving players
2014-01-18 09:21:42 [SERVER] [INFO] Saving worlds
2014-01-18 09:21:42 [SERVER] [INFO] Saving chunks for level 'Dev_World'/Overworld
2014-01-18 09:21:42 [SERVER] [INFO] Saving chunks for level 'Dev_World'/Nether
2014-01-18 09:21:42 [SERVER] [INFO] Saving chunks for level 'Dev_World'/The End
2014-01-18 10:08:06 [SERVER] [INFO] Starting integrated minecraft server version 1.6.4
2014-01-18 10:08:06 [SERVER] [INFO] Generating keypair
2014-01-18 10:08:07 [SERVER] [INFO] Preparing start region for level 0
2014-01-18 10:08:08 [SERVER] [INFO] Preparing spawn area: 40%
2014-01-18 10:08:09 [SERVER] [INFO] Player948[/127.0.0.1:0] logged in with entity id 92 at (479.2909715200765, 4.0, -1445.80141215838)
2014-01-18 10:08:09 [SERVER] [INFO] Player948 joined the game
2014-01-18 10:08:35 [SERVER] [INFO] Saving and pausing game...
2014-01-18 10:08:35 [SERVER] [INFO] Saving chunks for level 'Dev_World'/Overworld
2014-01-18 10:08:35 [SERVER] [INFO] Saving chunks for level 'Dev_World'/Nether
2014-01-18 10:08:35 [SERVER] [INFO] Saving chunks for level 'Dev_World'/The End
2014-01-18 10:15:13 [SERVER] [INFO] [Player948: Set the time to 0]
2014-01-18 10:16:35 [SERVER] [INFO] Saving and pausing game...
2014-01-18 10:16:35 [SERVER] [INFO] Saving chunks for level 'Dev_World'/Overworld
2014-01-18 10:16:35 [SERVER] [INFO] Saving chunks for level 'Dev_World'/Nether
2014-01-18 10:16:35 [SERVER] [INFO] Saving chunks for level 'Dev_World'/The End
2014-01-18 10:16:46 [SERVER] [INFO] Saving and pausing game...
2014-01-18 10:16:46 [SERVER] [INFO] Saving chunks for level 'Dev_World'/Overworld
2014-01-18 10:16:46 [SERVER] [INFO] Saving chunks for level 'Dev_World'/Nether
2014-01-18 10:16:46 [SERVER] [INFO] Saving chunks for level 'Dev_World'/The End
2014-01-18 10:16:50 [SERVER] [INFO] Saving and pausing game...
2014-01-18 10:16:50 [SERVER] [INFO] Saving chunks for level 'Dev_World'/Overworld
2014-01-18 10:16:50 [SERVER] [INFO] Saving chunks for level 'Dev_World'/Nether
2014-01-18 10:16:50 [SERVER] [INFO] Saving chunks for level 'Dev_World'/The End
2014-01-18 10:16:56 [SERVER] [INFO] Saving and pausing game...
2014-01-18 10:16:56 [SERVER] [INFO] Saving chunks for level 'Dev_World'/Overworld
2014-01-18 10:16:56 [SERVER] [INFO] Saving chunks for level 'Dev_World'/Nether
2014-01-18 10:16:56 [SERVER] [INFO] Saving chunks for level 'Dev_World'/The End
2014-01-18 10:17:03 [SERVER] [INFO] Saving and pausing game...
2014-01-18 10:17:03 [SERVER] [INFO] Saving chunks for level 'Dev_World'/Overworld
2014-01-18 10:17:03 [SERVER] [INFO] Saving chunks for level 'Dev_World'/Nether
2014-01-18 10:17:03 [SERVER] [INFO] Saving chunks for level 'Dev_World'/The End
2014-01-18 10:17:10 [SERVER] [INFO] Saving and pausing game...
2014-01-18 10:17:10 [SERVER] [INFO] Saving chunks for level 'Dev_World'/Overworld
2014-01-18 10:17:10 [SERVER] [INFO] Saving chunks for level 'Dev_World'/Nether
2014-01-18 10:17:10 [SERVER] [INFO] Saving chunks for level 'Dev_World'/The End
2014-01-18 10:17:16 [SERVER] [INFO] Saving and pausing game...
2014-01-18 10:17:16 [SERVER] [INFO] Saving chunks for level 'Dev_World'/Overworld
2014-01-18 10:17:16 [SERVER] [INFO] Saving chunks for level 'Dev_World'/Nether
2014-01-18 10:17:16 [SERVER] [INFO] Saving chunks for level 'Dev_World'/The End
2014-01-18 10:17:22 [SERVER] [INFO] Saving and pausing game...
2014-01-18 10:17:22 [SERVER] [INFO] Saving chunks for level 'Dev_World'/Overworld
2014-01-18 10:17:22 [SERVER] [INFO] Saving chunks for level 'Dev_World'/Nether
2014-01-18 10:17:22 [SERVER] [INFO] Saving chunks for level 'Dev_World'/The End
2014-01-18 10:17:30 [SERVER] [INFO] Saving and pausing game...
2014-01-18 10:17:30 [SERVER] [INFO] Saving chunks for level 'Dev_World'/Overworld
2014-01-18 10:17:30 [SERVER] [INFO] Saving chunks for level 'Dev_World'/Nether
2014-01-18 10:17:30 [SERVER] [INFO] Saving chunks for level 'Dev_World'/The End
2014-01-18 10:17:37 [SERVER] [INFO] Saving and pausing game...
2014-01-18 10:17:37 [SERVER] [INFO] Saving chunks for level 'Dev_World'/Overworld
2014-01-18 10:17:37 [SERVER] [INFO] Saving chunks for level 'Dev_World'/Nether
2014-01-18 10:17:37 [SERVER] [INFO] Saving chunks for level 'Dev_World'/The End
2014-01-18 10:18:08 [SERVER] [INFO] Saving and pausing game...
2014-01-18 10:18:08 [SERVER] [INFO] Saving chunks for level 'Dev_World'/Overworld
2014-01-18 10:18:08 [SERVER] [INFO] Saving chunks for level 'Dev_World'/Nether
2014-01-18 10:18:08 [SERVER] [INFO] Saving chunks for level 'Dev_World'/The End
2014-01-18 10:18:09 [SERVER] [INFO] Stopping server
2014-01-18 10:18:09 [SERVER] [INFO] Saving players
2014-01-18 10:18:09 [SERVER] [INFO] Player948 left the game
2014-01-18 10:18:09 [SERVER] [INFO] Saving worlds
2014-01-18 10:18:09 [SERVER] [INFO] Saving chunks for level 'Dev_World'/Overworld
2014-01-18 10:18:09 [SERVER] [INFO] Saving chunks for level 'Dev_World'/Nether
2014-01-18 10:18:09 [SERVER] [INFO] Saving chunks for level 'Dev_World'/The End
2014-01-18 10:41:33 [SERVER] [INFO] Starting integrated minecraft server version 1.6.4
2014-01-18 10:41:33 [SERVER] [INFO] Generating keypair
2014-01-18 10:41:34 [SERVER] [INFO] Preparing start region for level 0
2014-01-18 10:41:35 [SERVER] [INFO] Preparing spawn area: 50%
2014-01-18 10:41:36 [SERVER] [INFO] Player79[/127.0.0.1:0] logged in with entity id 204 at (475.27798010282885, 4.0, -1436.00084963717)
2014-01-18 10:41:36 [SERVER] [INFO] Player79 joined the game
2014-01-18 10:47:32 [SERVER] [INFO] Saving and pausing game...
2014-01-18 10:47:32 [SERVER] [INFO] Saving chunks for level 'Dev_World'/Overworld
2014-01-18 10:47:32 [SERVER] [INFO] Saving chunks for level 'Dev_World'/Nether
2014-01-18 10:47:32 [SERVER] [INFO] Saving chunks for level 'Dev_World'/The End
2014-01-18 10:48:41 [SERVER] [INFO] Saving and pausing game...
2014-01-18 10:48:41 [SERVER] [INFO] Saving chunks for level 'Dev_World'/Overworld
2014-01-18 10:48:41 [SERVER] [INFO] Saving chunks for level 'Dev_World'/Nether
2014-01-18 10:48:41 [SERVER] [INFO] Saving chunks for level 'Dev_World'/The End
2014-01-18 10:48:53 [SERVER] [INFO] Saving and pausing game...
2014-01-18 10:48:53 [SERVER] [INFO] Saving chunks for level 'Dev_World'/Overworld
2014-01-18 10:48:53 [SERVER] [INFO] Saving chunks for level 'Dev_World'/Nether
2014-01-18 10:48:53 [SERVER] [INFO] Saving chunks for level 'Dev_World'/The End
2014-01-18 10:49:45 [SERVER] [INFO] Saving and pausing game...
2014-01-18 10:49:45 [SERVER] [INFO] Saving chunks for level 'Dev_World'/Overworld
2014-01-18 10:49:45 [SERVER] [INFO] Saving chunks for level 'Dev_World'/Nether
2014-01-18 10:49:45 [SERVER] [INFO] Saving chunks for level 'Dev_World'/The End
2014-01-18 10:50:24 [SERVER] [INFO] Saving and pausing game...
2014-01-18 10:50:24 [SERVER] [INFO] Saving chunks for level 'Dev_World'/Overworld
2014-01-18 10:50:24 [SERVER] [INFO] Saving chunks for level 'Dev_World'/Nether
2014-01-18 10:50:24 [SERVER] [INFO] Saving chunks for level 'Dev_World'/The End
2014-01-18 10:50:59 [SERVER] [INFO] Saving and pausing game...
2014-01-18 10:50:59 [SERVER] [INFO] Saving chunks for level 'Dev_World'/Overworld
2014-01-18 10:50:59 [SERVER] [INFO] Saving chunks for level 'Dev_World'/Nether
2014-01-18 10:50:59 [SERVER] [INFO] Saving chunks for level 'Dev_World'/The End
2014-01-18 10:51:28 [SERVER] [INFO] Saving and pausing game...
2014-01-18 10:51:28 [SERVER] [INFO] Saving chunks for level 'Dev_World'/Overworld
2014-01-18 10:51:28 [SERVER] [INFO] Saving chunks for level 'Dev_World'/Nether
2014-01-18 10:51:28 [SERVER] [INFO] Saving chunks for level 'Dev_World'/The End
2014-01-18 10:51:37 [SERVER] [INFO] [Player79: Set the time to 0]
2014-01-18 10:52:05 [SERVER] [INFO] Saving and pausing game...
2014-01-18 10:52:05 [SERVER] [INFO] Saving chunks for level 'Dev_World'/Overworld
2014-01-18 10:52:05 [SERVER] [INFO] Saving chunks for level 'Dev_World'/Nether
2014-01-18 10:52:05 [SERVER] [INFO] Saving chunks for level 'Dev_World'/The End
2014-01-18 10:52:35 [SERVER] [INFO] Saving and pausing game...
2014-01-18 10:52:35 [SERVER] [INFO] Saving chunks for level 'Dev_World'/Overworld
2014-01-18 10:52:35 [SERVER] [INFO] Saving chunks for level 'Dev_World'/Nether
2014-01-18 10:52:35 [SERVER] [INFO] Saving chunks for level 'Dev_World'/The End
2014-01-18 10:53:10 [SERVER] [INFO] Saving and pausing game...
2014-01-18 10:53:10 [SERVER] [INFO] Saving chunks for level 'Dev_World'/Overworld
2014-01-18 10:53:10 [SERVER] [INFO] Saving chunks for level 'Dev_World'/Nether
2014-01-18 10:53:10 [SERVER] [INFO] Saving chunks for level 'Dev_World'/The End
2014-01-18 10:53:43 [SERVER] [INFO] Saving and pausing game...
2014-01-18 10:53:43 [SERVER] [INFO] Saving chunks for level 'Dev_World'/Overworld
2014-01-18 10:53:43 [SERVER] [INFO] Saving chunks for level 'Dev_World'/Nether
2014-01-18 10:53:43 [SERVER] [INFO] Saving chunks for level 'Dev_World'/The End
2014-01-18 10:53:44 [SERVER] [INFO] Stopping server
2014-01-18 10:53:44 [SERVER] [INFO] Saving players
2014-01-18 10:53:44 [SERVER] [INFO] Player79 left the game
2014-01-18 10:53:44 [SERVER] [INFO] Saving worlds
2014-01-18 10:53:44 [SERVER] [INFO] Saving chunks for level 'Dev_World'/Overworld
2014-01-18 10:53:44 [SERVER] [INFO] Saving chunks for level 'Dev_World'/Nether
2014-01-18 10:53:44 [SERVER] [INFO] Saving chunks for level 'Dev_World'/The End
2014-01-18 10:54:18 [SERVER] [INFO] Starting integrated minecraft server version 1.6.4
2014-01-18 10:54:18 [SERVER] [INFO] Generating keypair
2014-01-18 10:54:19 [SERVER] [INFO] Preparing start region for level 0
2014-01-18 10:54:20 [SERVER] [INFO] Preparing spawn area: 50%
2014-01-18 10:54:21 [SERVER] [INFO] Player130[/127.0.0.1:0] logged in with entity id 204 at (483.24244534055896, 4.0, -1495.758431437167)
2014-01-18 10:54:21 [SERVER] [INFO] Player130 joined the game
2014-01-18 10:57:38 [SERVER] [INFO] Saving and pausing game...
2014-01-18 10:57:38 [SERVER] [INFO] Saving chunks for level 'Dev_World'/Overworld
2014-01-18 10:57:38 [SERVER] [INFO] Saving chunks for level 'Dev_World'/Nether
2014-01-18 10:57:38 [SERVER] [INFO] Saving chunks for level 'Dev_World'/The End
2014-01-18 10:57:42 [SERVER] [INFO] Stopping server
2014-01-18 10:57:42 [SERVER] [INFO] Saving players
2014-01-18 10:57:42 [SERVER] [INFO] Player130 left the game
2014-01-18 10:57:42 [SERVER] [INFO] Saving worlds
2014-01-18 10:57:42 [SERVER] [INFO] Saving chunks for level 'Dev_World'/Overworld
2014-01-18 10:57:42 [SERVER] [INFO] Saving chunks for level 'Dev_World'/Nether
2014-01-18 10:57:42 [SERVER] [INFO] Saving chunks for level 'Dev_World'/The End
2014-01-18 10:58:17 [SERVER] [INFO] Starting integrated minecraft server version 1.6.4
2014-01-18 10:58:17 [SERVER] [INFO] Generating keypair
2014-01-18 10:58:19 [SERVER] [INFO] Preparing start region for level 0
2014-01-18 10:58:20 [SERVER] [INFO] Preparing spawn area: 49%
2014-01-18 10:58:20 [SERVER] [INFO] Player40[/127.0.0.1:0] logged in with entity id 204 at (480.1959816965397, 4.0, -1457.33860834077)
2014-01-18 10:58:21 [SERVER] [INFO] Player40 joined the game
2014-01-18 11:00:39 [SERVER] [INFO] Saving and pausing game...
2014-01-18 11:00:39 [SERVER] [INFO] Saving chunks for level 'Dev_World'/Overworld
2014-01-18 11:00:39 [SERVER] [INFO] Saving chunks for level 'Dev_World'/Nether
2014-01-18 11:00:39 [SERVER] [INFO] Saving chunks for level 'Dev_World'/The End
2014-01-18 11:02:43 [SERVER] [INFO] Saving and pausing game...
2014-01-18 11:02:43 [SERVER] [INFO] Saving chunks for level 'Dev_World'/Overworld
2014-01-18 11:02:43 [SERVER] [INFO] Saving chunks for level 'Dev_World'/Nether
2014-01-18 11:02:43 [SERVER] [INFO] Saving chunks for level 'Dev_World'/The End
2014-01-18 11:05:39 [SERVER] [INFO] [Player40: Set the time to 0]
2014-01-18 11:06:03 [SERVER] [INFO] Saving and pausing game...
2014-01-18 11:06:03 [SERVER] [INFO] Saving chunks for level 'Dev_World'/Overworld
2014-01-18 11:06:03 [SERVER] [INFO] Saving chunks for level 'Dev_World'/Nether
2014-01-18 11:06:03 [SERVER] [INFO] Saving chunks for level 'Dev_World'/The End
2014-01-18 11:08:16 [SERVER] [INFO] Saving and pausing game...
2014-01-18 11:08:16 [SERVER] [INFO] Saving chunks for level 'Dev_World'/Overworld
2014-01-18 11:08:16 [SERVER] [INFO] Saving chunks for level 'Dev_World'/Nether
2014-01-18 11:08:16 [SERVER] [INFO] Saving chunks for level 'Dev_World'/The End
2014-01-18 11:10:31 [SERVER] [INFO] Saving and pausing game...
2014-01-18 11:10:31 [SERVER] [INFO] Saving chunks for level 'Dev_World'/Overworld
2014-01-18 11:10:31 [SERVER] [INFO] Saving chunks for level 'Dev_World'/Nether
2014-01-18 11:10:31 [SERVER] [INFO] Saving chunks for level 'Dev_World'/The End
2014-01-18 11:10:37 [SERVER] [INFO] Saving and pausing game...
2014-01-18 11:10:37 [SERVER] [INFO] Saving chunks for level 'Dev_World'/Overworld
2014-01-18 11:10:37 [SERVER] [INFO] Saving chunks for level 'Dev_World'/Nether
2014-01-18 11:10:37 [SERVER] [INFO] Saving chunks for level 'Dev_World'/The End
2014-01-18 11:12:23 [SERVER] [INFO] Saving and pausing game...
2014-01-18 11:12:23 [SERVER] [INFO] Saving chunks for level 'Dev_World'/Overworld
2014-01-18 11:12:23 [SERVER] [INFO] Saving chunks for level 'Dev_World'/Nether
2014-01-18 11:12:23 [SERVER] [INFO] Saving chunks for level 'Dev_World'/The End
2014-01-18 11:16:15 [SERVER] [INFO] Saving and pausing game...
2014-01-18 11:16:15 [SERVER] [INFO] Saving chunks for level 'Dev_World'/Overworld
2014-01-18 11:16:15 [SERVER] [INFO] Saving chunks for level 'Dev_World'/Nether
2014-01-18 11:16:15 [SERVER] [INFO] Saving chunks for level 'Dev_World'/The End
2014-01-18 11:16:29 [SERVER] [INFO] Saving and pausing game...
2014-01-18 11:16:29 [SERVER] [INFO] Saving chunks for level 'Dev_World'/Overworld
2014-01-18 11:16:29 [SERVER] [INFO] Saving chunks for level 'Dev_World'/Nether
2014-01-18 11:16:29 [SERVER] [INFO] Saving chunks for level 'Dev_World'/The End
2014-01-18 11:16:41 [SERVER] [INFO] Saving and pausing game...
2014-01-18 11:16:41 [SERVER] [INFO] Saving chunks for level 'Dev_World'/Overworld
2014-01-18 11:16:41 [SERVER] [INFO] Saving chunks for level 'Dev_World'/Nether
2014-01-18 11:16:41 [SERVER] [INFO] Saving chunks for level 'Dev_World'/The End
2014-01-18 11:28:04 [SERVER] [INFO] Saving and pausing game...
2014-01-18 11:28:04 [SERVER] [INFO] Saving chunks for level 'Dev_World'/Overworld
2014-01-18 11:28:04 [SERVER] [INFO] Saving chunks for level 'Dev_World'/Nether
2014-01-18 11:28:04 [SERVER] [INFO] Saving chunks for level 'Dev_World'/The End
2014-01-18 11:29:03 [SERVER] [INFO] Saving and pausing game...
2014-01-18 11:29:03 [SERVER] [INFO] Saving chunks for level 'Dev_World'/Overworld
2014-01-18 11:29:03 [SERVER] [INFO] Saving chunks for level 'Dev_World'/Nether
2014-01-18 11:29:03 [SERVER] [INFO] Saving chunks for level 'Dev_World'/The End
2014-01-18 11:29:04 [SERVER] [INFO] Stopping server
2014-01-18 11:29:04 [SERVER] [INFO] Saving players
2014-01-18 11:29:04 [SERVER] [INFO] Player40 left the game
2014-01-18 11:29:04 [SERVER] [INFO] Saving worlds
2014-01-18 11:29:04 [SERVER] [INFO] Saving chunks for level 'Dev_World'/Overworld
2014-01-18 11:29:04 [SERVER] [INFO] Saving chunks for level 'Dev_World'/Nether
2014-01-18 11:29:04 [SERVER] [INFO] Saving chunks for level 'Dev_World'/The End
2014-01-18 16:02:18 [SERVER] [INFO] Starting integrated minecraft server version 1.6.4
2014-01-18 16:02:18 [SERVER] [INFO] Generating keypair
2014-01-18 16:02:18 [SERVER] [INFO] Preparing start region for level 0
2014-01-18 16:02:19 [SERVER] [INFO] Preparing spawn area: 52%
2014-01-18 16:02:20 [SERVER] [INFO] Player895[/127.0.0.1:0] logged in with entity id 264 at (474.7064891399283, 7.614634005783739, -1439.3513573958542)
2014-01-18 16:02:20 [SERVER] [INFO] Player895 joined the game
2014-01-18 16:02:31 [SERVER] [INFO] [Player895: Toggled downfall]
2014-01-18 16:04:06 [SERVER] [INFO] Saving and pausing game...
2014-01-18 16:04:06 [SERVER] [INFO] Saving chunks for level 'Dev_World'/Overworld
2014-01-18 16:04:06 [SERVER] [INFO] Saving chunks for level 'Dev_World'/Nether
2014-01-18 16:04:06 [SERVER] [INFO] Saving chunks for level 'Dev_World'/The End
2014-01-18 16:04:12 [SERVER] [INFO] Stopping server
2014-01-18 16:04:12 [SERVER] [INFO] Saving players
2014-01-18 16:04:12 [SERVER] [INFO] Player895 left the game
2014-01-18 16:04:12 [SERVER] [INFO] Saving worlds
2014-01-18 16:04:12 [SERVER] [INFO] Saving chunks for level 'Dev_World'/Overworld
2014-01-18 16:04:12 [SERVER] [INFO] Saving chunks for level 'Dev_World'/Nether
2014-01-18 16:04:12 [SERVER] [INFO] Saving chunks for level 'Dev_World'/The End
2014-01-18 16:19:18 [SERVER] [INFO] Starting integrated minecraft server version 1.6.4
2014-01-18 16:19:18 [SERVER] [INFO] Generating keypair
2014-01-18 16:19:19 [SERVER] [INFO] Preparing start region for level 0
2014-01-18 16:19:20 [SERVER] [INFO] Preparing spawn area: 42%
2014-01-18 16:19:21 [SERVER] [INFO] Player753[/127.0.0.1:0] logged in with entity id 264 at (469.0107310093991, 4.0, -1437.37660717982)
2014-01-18 16:19:21 [SERVER] [INFO] Player753 joined the game
2014-01-18 16:23:48 [SERVER] [INFO] Saving and pausing game...
2014-01-18 16:23:48 [SERVER] [INFO] Saving chunks for level 'Dev_World'/Overworld
2014-01-18 16:23:48 [SERVER] [INFO] Saving chunks for level 'Dev_World'/Nether
2014-01-18 16:23:48 [SERVER] [INFO] Saving chunks for level 'Dev_World'/The End
2014-01-18 16:23:49 [SERVER] [INFO] Stopping server
2014-01-18 16:23:49 [SERVER] [INFO] Saving players
2014-01-18 16:23:49 [SERVER] [INFO] Player753 left the game
2014-01-18 16:23:49 [SERVER] [INFO] Saving worlds
2014-01-18 16:23:49 [SERVER] [INFO] Saving chunks for level 'Dev_World'/Overworld
2014-01-18 16:23:49 [SERVER] [INFO] Saving chunks for level 'Dev_World'/Nether
2014-01-18 16:23:49 [SERVER] [INFO] Saving chunks for level 'Dev_World'/The End
2014-01-19 02:52:23 [SERVER] [INFO] Starting integrated minecraft server version 1.6.4
2014-01-19 02:52:23 [SERVER] [INFO] Generating keypair
2014-01-19 02:52:24 [SERVER] [INFO] Preparing start region for level 0
2014-01-19 02:52:25 [SERVER] [INFO] Preparing spawn area: 42%
2014-01-19 02:52:26 [SERVER] [INFO] Player899[/127.0.0.1:0] logged in with entity id 264 at (471.37171697928846, 6.490643189201405, -1448.7308859824957)
2014-01-19 02:52:26 [SERVER] [INFO] Player899 joined the game
2014-01-19 02:55:01 [SERVER] [INFO] [Player899: Set the time to 0]
2014-01-19 03:00:13 [SERVER] [INFO] Saving and pausing game...
2014-01-19 03:00:13 [SERVER] [INFO] Saving chunks for level 'Dev_World'/Overworld
2014-01-19 03:00:13 [SERVER] [INFO] Saving chunks for level 'Dev_World'/Nether
2014-01-19 03:00:13 [SERVER] [INFO] Saving chunks for level 'Dev_World'/The End
2014-01-19 03:00:14 [SERVER] [INFO] Stopping server
2014-01-19 03:00:14 [SERVER] [INFO] Saving players
2014-01-19 03:00:14 [SERVER] [INFO] Player899 left the game
2014-01-19 03:00:14 [SERVER] [INFO] Saving worlds
2014-01-19 03:00:14 [SERVER] [INFO] Saving chunks for level 'Dev_World'/Overworld
2014-01-19 03:00:14 [SERVER] [INFO] Saving chunks for level 'Dev_World'/Nether
2014-01-19 03:00:14 [SERVER] [INFO] Saving chunks for level 'Dev_World'/The End
2014-01-20 05:24:40 [SERVER] [INFO] Starting integrated minecraft server version 1.6.4
2014-01-20 05:24:40 [SERVER] [INFO] Generating keypair
2014-01-20 05:24:41 [SERVER] [INFO] Preparing start region for level 0
2014-01-20 05:24:42 [SERVER] [INFO] Preparing spawn area: 49%
2014-01-20 05:24:43 [SERVER] [INFO] Player738[/127.0.0.1:0] logged in with entity id 264 at (466.725770227052, 4.0, -1444.7565310600949)
2014-01-20 05:24:43 [SERVER] [INFO] Player738 joined the game
2014-01-20 05:25:34 [SERVER] [INFO] Saving and pausing game...
2014-01-20 05:25:34 [SERVER] [INFO] Saving chunks for level 'Dev_World'/Overworld
2014-01-20 05:25:34 [SERVER] [INFO] Saving chunks for level 'Dev_World'/Nether
2014-01-20 05:25:34 [SERVER] [INFO] Saving chunks for level 'Dev_World'/The End
2014-01-20 05:25:34 [SERVER] [INFO] Stopping server
2014-01-20 05:25:34 [SERVER] [INFO] Saving players
2014-01-20 05:25:34 [SERVER] [INFO] Player738 left the game
2014-01-20 05:25:34 [SERVER] [INFO] Saving worlds
2014-01-20 05:25:34 [SERVER] [INFO] Saving chunks for level 'Dev_World'/Overworld
2014-01-20 05:25:34 [SERVER] [INFO] Saving chunks for level 'Dev_World'/Nether
2014-01-20 05:25:34 [SERVER] [INFO] Saving chunks for level 'Dev_World'/The End
2014-01-20 05:32:13 [SERVER] [INFO] Starting integrated minecraft server version 1.6.4
2014-01-20 05:32:13 [SERVER] [INFO] Generating keypair
2014-01-20 05:32:14 [SERVER] [INFO] Preparing start region for level 0
2014-01-20 05:32:15 [SERVER] [INFO] Preparing spawn area: 48%
2014-01-20 05:32:16 [SERVER] [INFO] Player755[/127.0.0.1:0] logged in with entity id 264 at (466.999399661531, 4.0, -1445.0656393805266)
2014-01-20 05:32:16 [SERVER] [INFO] Player755 joined the game
2014-01-20 05:36:53 [SERVER] [INFO] [Player755: Set the time to 0]
2014-01-20 05:40:34 [SERVER] [INFO] Saving and pausing game...
2014-01-20 05:40:34 [SERVER] [INFO] Saving chunks for level 'Dev_World'/Overworld
2014-01-20 05:40:34 [SERVER] [INFO] Saving chunks for level 'Dev_World'/Nether
2014-01-20 05:40:34 [SERVER] [INFO] Saving chunks for level 'Dev_World'/The End
2014-01-20 05:40:34 [SERVER] [INFO] Stopping server
2014-01-20 05:40:34 [SERVER] [INFO] Saving players
2014-01-20 05:40:34 [SERVER] [INFO] Player755 left the game
2014-01-20 05:40:34 [SERVER] [INFO] Saving worlds
2014-01-20 05:40:34 [SERVER] [INFO] Saving chunks for level 'Dev_World'/Overworld
2014-01-20 05:40:34 [SERVER] [INFO] Saving chunks for level 'Dev_World'/Nether
2014-01-20 05:40:34 [SERVER] [INFO] Saving chunks for level 'Dev_World'/The End
2014-01-20 06:06:14 [SERVER] [INFO] Starting integrated minecraft server version 1.6.4
2014-01-20 06:06:14 [SERVER] [INFO] Generating keypair
2014-01-20 06:06:14 [SERVER] [INFO] Preparing start region for level 0
2014-01-20 06:06:15 [SERVER] [INFO] Preparing spawn area: 45%
2014-01-20 06:06:16 [SERVER] [INFO] Player515[/127.0.0.1:0] logged in with entity id 269 at (470.55678875571925, 4.0, -1444.4095032372595)
2014-01-20 06:06:16 [SERVER] [INFO] Player515 joined the game
2014-01-20 06:06:34 [SERVER] [INFO] Saving and pausing game...
2014-01-20 06:06:34 [SERVER] [INFO] Saving chunks for level 'Dev_World'/Overworld
2014-01-20 06:06:34 [SERVER] [INFO] Saving chunks for level 'Dev_World'/Nether
2014-01-20 06:06:34 [SERVER] [INFO] Saving chunks for level 'Dev_World'/The End
2014-01-20 06:06:34 [SERVER] [INFO] Stopping server
2014-01-20 06:06:34 [SERVER] [INFO] Saving players
2014-01-20 06:06:34 [SERVER] [INFO] Player515 left the game
2014-01-20 06:06:34 [SERVER] [INFO] Saving worlds
2014-01-20 06:06:34 [SERVER] [INFO] Saving chunks for level 'Dev_World'/Overworld
2014-01-20 06:06:34 [SERVER] [INFO] Saving chunks for level 'Dev_World'/Nether
2014-01-20 06:06:34 [SERVER] [INFO] Saving chunks for level 'Dev_World'/The End
2014-01-20 06:10:26 [SERVER] [INFO] Starting integrated minecraft server version 1.6.4
2014-01-20 06:10:26 [SERVER] [INFO] Generating keypair
2014-01-20 06:10:27 [SERVER] [INFO] Preparing start region for level 0
2014-01-20 06:10:28 [SERVER] [INFO] Preparing spawn area: 35%
2014-01-20 06:10:30 [SERVER] [INFO] Player276[/127.0.0.1:0] logged in with entity id 269 at (470.55678875571925, 4.0, -1444.4095032372595)
2014-01-20 06:10:30 [SERVER] [INFO] Player276 joined the game
2014-01-20 06:11:51 [SERVER] [INFO] Saving and pausing game...
2014-01-20 06:11:51 [SERVER] [INFO] Saving chunks for level 'Dev_World'/Overworld
2014-01-20 06:11:51 [SERVER] [INFO] Saving chunks for level 'Dev_World'/Nether
2014-01-20 06:11:51 [SERVER] [INFO] Saving chunks for level 'Dev_World'/The End
2014-01-20 06:11:53 [SERVER] [INFO] Saving and pausing game...
2014-01-20 06:11:53 [SERVER] [INFO] Saving chunks for level 'Dev_World'/Overworld
2014-01-20 06:11:53 [SERVER] [INFO] Saving chunks for level 'Dev_World'/Nether
2014-01-20 06:11:53 [SERVER] [INFO] Saving chunks for level 'Dev_World'/The End
2014-01-20 06:11:54 [SERVER] [INFO] Stopping server
2014-01-20 06:11:54 [SERVER] [INFO] Saving players
2014-01-20 06:11:54 [SERVER] [INFO] Player276 left the game
2014-01-20 06:11:54 [SERVER] [INFO] Saving worlds
2014-01-20 06:11:54 [SERVER] [INFO] Saving chunks for level 'Dev_World'/Overworld
2014-01-20 06:11:54 [SERVER] [INFO] Saving chunks for level 'Dev_World'/Nether
2014-01-20 06:11:54 [SERVER] [INFO] Saving chunks for level 'Dev_World'/The End
2014-01-20 06:34:01 [SERVER] [INFO] Starting integrated minecraft server version 1.6.4
2014-01-20 06:34:01 [SERVER] [INFO] Generating keypair
2014-01-20 06:34:02 [SERVER] [INFO] Preparing start region for level 0
2014-01-20 06:34:03 [SERVER] [INFO] Preparing spawn area: 49%
2014-01-20 06:34:04 [SERVER] [INFO] Player198[/127.0.0.1:0] logged in with entity id 269 at (475.01091016164474, 4.0, -1484.9830025813765)
2014-01-20 06:34:04 [SERVER] [INFO] Player198 joined the game
2014-01-20 06:34:36 [SERVER] [INFO] Saving and pausing game...
2014-01-20 06:34:36 [SERVER] [INFO] Saving chunks for level 'Dev_World'/Overworld
2014-01-20 06:34:36 [SERVER] [INFO] Saving chunks for level 'Dev_World'/Nether
2014-01-20 06:34:36 [SERVER] [INFO] Saving chunks for level 'Dev_World'/The End
2014-01-20 06:34:36 [SERVER] [INFO] Stopping server
2014-01-20 06:34:36 [SERVER] [INFO] Saving players
2014-01-20 06:34:36 [SERVER] [INFO] Player198 left the game
2014-01-20 06:34:36 [SERVER] [INFO] Saving worlds
2014-01-20 06:34:36 [SERVER] [INFO] Saving chunks for level 'Dev_World'/Overworld
2014-01-20 06:34:36 [SERVER] [INFO] Saving chunks for level 'Dev_World'/Nether
2014-01-20 06:34:36 [SERVER] [INFO] Saving chunks for level 'Dev_World'/The End
